-- The C compiler identification is GNU 13.3.0
-- The CXX compiler identification is GNU 13.3.0
-- Detecting C compiler ABI info
-- Detecting C compiler ABI info - done
-- Check for working C compiler: /usr/bin/cc - skipped
-- Detecting C compile features
-- Detecting C compile features - done
-- Detecting CXX compiler ABI info
-- Detecting CXX compiler ABI info - done
-- Check for working CXX compiler: /usr/bin/c++ - skipped
-- Detecting CXX compile features
-- Detecting CXX compile features - done
-- Found ament_cmake: 2.5.5 (/opt/ros/jazzy/share/ament_cmake/cmake)
-- Found Python3: /usr/bin/python3 (found version "3.12.3") found components: Interpreter 
-- Configuring done (0.6s)
-- Generating done (0.0s)
-- Build files have been written to: /home/tsung/arm_ws/src/mh2_description/build/mh2_description
[36mInstall the project...[0m
-- Install configuration: ""
-- Installing: /home/tsung/arm_ws/src/mh2_description/install/mh2_description/share/ament_index/resource_index/package_run_dependencies/mh2_description
-- Installing: /home/tsung/arm_ws/src/mh2_description/install/mh2_description/share/ament_index/resource_index/parent_prefix_path/mh2_description
-- Installing: /home/tsung/arm_ws/src/mh2_description/install/mh2_description/share/mh2_description/environment/ament_prefix_path.sh
-- Installing: /home/tsung/arm_ws/src/mh2_description/install/mh2_description/share/mh2_description/environment/ament_prefix_path.dsv
-- Installing: /home/tsung/arm_ws/src/mh2_description/install/mh2_description/share/mh2_description/environment/path.sh
-- Installing: /home/tsung/arm_ws/src/mh2_description/install/mh2_description/share/mh2_description/environment/path.dsv
-- Installing: /home/tsung/arm_ws/src/mh2_description/install/mh2_description/share/mh2_description/local_setup.bash
-- Installing: /home/tsung/arm_ws/src/mh2_description/install/mh2_description/share/mh2_description/local_setup.sh
-- Installing: /home/tsung/arm_ws/src/mh2_description/install/mh2_description/share/mh2_description/local_setup.zsh
-- Installing: /home/tsung/arm_ws/src/mh2_description/install/mh2_description/share/mh2_description/local_setup.dsv
-- Installing: /home/tsung/arm_ws/src/mh2_description/install/mh2_description/share/mh2_description/package.dsv
-- Installing: /home/tsung/arm_ws/src/mh2_description/install/mh2_description/share/ament_index/resource_index/packages/mh2_description
-- Installing: /home/tsung/arm_ws/src/mh2_description/install/mh2_description/share/mh2_description/cmake/mh2_descriptionConfig.cmake
-- Installing: /home/tsung/arm_ws/src/mh2_description/install/mh2_description/share/mh2_description/cmake/mh2_descriptionConfig-version.cmake
-- Installing: /home/tsung/arm_ws/src/mh2_description/install/mh2_description/share/mh2_description/package.xml
-- Installing: /home/tsung/arm_ws/src/mh2_description/install/mh2_description/share/mh2_description/launch
-- Installing: /home/tsung/arm_ws/src/mh2_description/install/mh2_description/share/mh2_description/launch/view.launch.py
-- Installing: /home/tsung/arm_ws/src/mh2_description/install/mh2_description/share/mh2_description/meshes
-- Installing: /home/tsung/arm_ws/src/mh2_description/install/mh2_description/share/mh2_description/meshes/link_la1.STL
-- Installing: /home/tsung/arm_ws/src/mh2_description/install/mh2_description/share/mh2_description/meshes/body_link.STL
-- Installing: /home/tsung/arm_ws/src/mh2_description/install/mh2_description/share/mh2_description/meshes/link_ra6.STL
-- Installing: /home/tsung/arm_ws/src/mh2_description/install/mh2_description/share/mh2_description/meshes/link_ra2.STL
-- Installing: /home/tsung/arm_ws/src/mh2_description/install/mh2_description/share/mh2_description/meshes/link_la6.STL
-- Installing: /home/tsung/arm_ws/src/mh2_description/install/mh2_description/share/mh2_description/meshes/link_ra7.STL
-- Installing: /home/tsung/arm_ws/src/mh2_description/install/mh2_description/share/mh2_description/meshes/link_lf1.STL
-- Installing: /home/tsung/arm_ws/src/mh2_description/install/mh2_description/share/mh2_description/meshes/link_la4.STL
-- Installing: /home/tsung/arm_ws/src/mh2_description/install/mh2_description/share/mh2_description/meshes/link_rf0.STL
-- Installing: /home/tsung/arm_ws/src/mh2_description/install/mh2_description/share/mh2_description/meshes/link_ra5.STL
-- Installing: /home/tsung/arm_ws/src/mh2_description/install/mh2_description/share/mh2_description/meshes/link_head0.STL
-- Installing: /home/tsung/arm_ws/src/mh2_description/install/mh2_description/share/mh2_description/meshes/link_ra3.STL
-- Installing: /home/tsung/arm_ws/src/mh2_description/install/mh2_description/share/mh2_description/meshes/link_ra1.STL
-- Installing: /home/tsung/arm_ws/src/mh2_description/install/mh2_description/share/mh2_description/meshes/right_wheel.STL
-- Installing: /home/tsung/arm_ws/src/mh2_description/install/mh2_description/share/mh2_description/meshes/link_la5.STL
-- Installing: /home/tsung/arm_ws/src/mh2_description/install/mh2_description/share/mh2_description/meshes/link_rf1.STL
-- Installing: /home/tsung/arm_ws/src/mh2_description/install/mh2_description/share/mh2_description/meshes/link_head1.STL
-- Installing: /home/tsung/arm_ws/src/mh2_description/install/mh2_description/share/mh2_description/meshes/link_camera1.STL
-- Installing: /home/tsung/arm_ws/src/mh2_description/install/mh2_description/share/mh2_description/meshes/base_link.STL
-- Installing: /home/tsung/arm_ws/src/mh2_description/install/mh2_description/share/mh2_description/meshes/link_lf0.STL
-- Installing: /home/tsung/arm_ws/src/mh2_description/install/mh2_description/share/mh2_description/meshes/link_la0.STL
-- Installing: /home/tsung/arm_ws/src/mh2_description/install/mh2_description/share/mh2_description/meshes/left_wheel.STL
-- Installing: /home/tsung/arm_ws/src/mh2_description/install/mh2_description/share/mh2_description/meshes/link_la3.STL
-- Installing: /home/tsung/arm_ws/src/mh2_description/install/mh2_description/share/mh2_description/meshes/link_la2.STL
-- Installing: /home/tsung/arm_ws/src/mh2_description/install/mh2_description/share/mh2_description/meshes/link_la7.STL
-- Installing: /home/tsung/arm_ws/src/mh2_description/install/mh2_description/share/mh2_description/meshes/link_camera0.STL
-- Installing: /home/tsung/arm_ws/src/mh2_description/install/mh2_description/share/mh2_description/meshes/link_ra4.STL
-- Installing: /home/tsung/arm_ws/src/mh2_description/install/mh2_description/share/mh2_description/meshes/link_ra0.STL
-- Installing: /home/tsung/arm_ws/src/mh2_description/install/mh2_description/share/mh2_description/urdf
-- Installing: /home/tsung/arm_ws/src/mh2_description/install/mh2_description/share/mh2_description/urdf/mh2.urdf
-- Installing: /home/tsung/arm_ws/src/mh2_description/install/mh2_description/share/mh2_description/rviz
-- Installing: /home/tsung/arm_ws/src/mh2_description/install/mh2_description/share/mh2_description/rviz/view.rviz
