[0.052s] DEBUG:colcon:Command line arguments: ['/usr/bin/colcon', 'build']
[0.052s] DEBUG:colcon:Parsed command line arguments: Namespace(log_base=None, log_level=None, verb_name='build', build_base='build', install_base='install', merge_install=False, symlink_install=False, test_result_base=None, continue_on_error=False, executor='parallel', parallel_workers=20, event_handlers=None, ignore_user_meta=False, metas=['./colcon.meta'], base_paths=['.'], packages_ignore=None, packages_ignore_regex=None, paths=None, packages_up_to=None, packages_up_to_regex=None, packages_above=None, packages_above_and_dependencies=None, packages_above_depth=None, packages_select_by_dep=None, packages_skip_by_dep=None, packages_skip_up_to=None, packages_select_build_failed=False, packages_skip_build_finished=False, packages_select_test_failures=False, packages_skip_test_passed=False, packages_select=None, packages_skip=None, packages_select_regex=None, packages_skip_regex=None, packages_start=None, packages_end=None, allow_overriding=[], cmake_args=None, cmake_target=None, cmake_target_skip_unavailable=False, cmake_clean_cache=False, cmake_clean_first=False, cmake_force_configure=False, ament_cmake_args=None, catkin_cmake_args=None, catkin_skip_building_tests=False, verb_parser=<colcon_defaults.argument_parser.defaults.DefaultArgumentsDecorator object at 0x7e0ef496b0b0>, verb_extension=<colcon_core.verb.build.BuildVerb object at 0x7e0ef4adbe00>, main=<bound method BuildVerb.main of <colcon_core.verb.build.BuildVerb object at 0x7e0ef4adbe00>>)
[0.071s] Level 1:colcon.colcon_core.package_discovery:discover_packages(colcon_meta) check parameters
[0.071s] Level 1:colcon.colcon_core.package_discovery:discover_packages(recursive) check parameters
[0.071s] Level 1:colcon.colcon_core.package_discovery:discover_packages(ignore) check parameters
[0.071s] Level 1:colcon.colcon_core.package_discovery:discover_packages(path) check parameters
[0.071s] Level 1:colcon.colcon_core.package_discovery:discover_packages(colcon_meta) discover
[0.071s] Level 1:colcon.colcon_core.package_discovery:discover_packages(recursive) discover
[0.071s] INFO:colcon.colcon_core.package_discovery:Crawling recursively for packages in '/home/tsung/arm_ws/src/mh2_description'
[0.071s] Level 1:colcon.colcon_core.package_identification:_identify(.) by extensions ['ignore', 'ignore_ament_install']
[0.071s] Level 1:colcon.colcon_core.package_identification:_identify(.) by extension 'ignore'
[0.071s] Level 1:colcon.colcon_core.package_identification:_identify(.) by extension 'ignore_ament_install'
[0.071s] Level 1:colcon.colcon_core.package_identification:_identify(.) by extensions ['colcon_pkg']
[0.071s] Level 1:colcon.colcon_core.package_identification:_identify(.) by extension 'colcon_pkg'
[0.071s] Level 1:colcon.colcon_core.package_identification:_identify(.) by extensions ['colcon_meta']
[0.071s] Level 1:colcon.colcon_core.package_identification:_identify(.) by extension 'colcon_meta'
[0.071s] Level 1:colcon.colcon_core.package_identification:_identify(.) by extensions ['ros']
[0.071s] Level 1:colcon.colcon_core.package_identification:_identify(.) by extension 'ros'
[0.085s] DEBUG:colcon.colcon_core.package_identification:Package '.' with type 'ros.ament_cmake' and name 'mh2_description'
[0.085s] Level 1:colcon.colcon_core.package_discovery:discover_packages(recursive) using defaults
[0.085s] Level 1:colcon.colcon_core.package_discovery:discover_packages(ignore) discover
[0.085s] Level 1:colcon.colcon_core.package_discovery:discover_packages(ignore) using defaults
[0.085s] Level 1:colcon.colcon_core.package_discovery:discover_packages(path) discover
[0.085s] Level 1:colcon.colcon_core.package_discovery:discover_packages(path) using defaults
[0.093s] Level 1:colcon.colcon_core.package_discovery:discover_packages(prefix_path) check parameters
[0.093s] Level 1:colcon.colcon_core.package_discovery:discover_packages(prefix_path) discover
[0.094s] DEBUG:colcon.colcon_installed_package_information.package_discovery:Found 1 installed packages in /home/tsung/arm_ws/install
[0.095s] DEBUG:colcon.colcon_installed_package_information.package_discovery:Found 512 installed packages in /opt/ros/jazzy
[0.095s] Level 1:colcon.colcon_core.package_discovery:discover_packages(prefix_path) using defaults
[0.121s] Level 5:colcon.colcon_core.verb:set package 'mh2_description' build argument 'cmake_args' from command line to 'None'
[0.121s] Level 5:colcon.colcon_core.verb:set package 'mh2_description' build argument 'cmake_target' from command line to 'None'
[0.121s] Level 5:colcon.colcon_core.verb:set package 'mh2_description' build argument 'cmake_target_skip_unavailable' from command line to 'False'
[0.121s] Level 5:colcon.colcon_core.verb:set package 'mh2_description' build argument 'cmake_clean_cache' from command line to 'False'
[0.121s] Level 5:colcon.colcon_core.verb:set package 'mh2_description' build argument 'cmake_clean_first' from command line to 'False'
[0.121s] Level 5:colcon.colcon_core.verb:set package 'mh2_description' build argument 'cmake_force_configure' from command line to 'False'
[0.121s] Level 5:colcon.colcon_core.verb:set package 'mh2_description' build argument 'ament_cmake_args' from command line to 'None'
[0.121s] Level 5:colcon.colcon_core.verb:set package 'mh2_description' build argument 'catkin_cmake_args' from command line to 'None'
[0.121s] Level 5:colcon.colcon_core.verb:set package 'mh2_description' build argument 'catkin_skip_building_tests' from command line to 'False'
[0.121s] DEBUG:colcon.colcon_core.verb:Building package 'mh2_description' with the following arguments: {'ament_cmake_args': None, 'build_base': '/home/tsung/arm_ws/src/mh2_description/build/mh2_description', 'catkin_cmake_args': None, 'catkin_skip_building_tests': False, 'cmake_args': None, 'cmake_clean_cache': False, 'cmake_clean_first': False, 'cmake_force_configure': False, 'cmake_target': None, 'cmake_target_skip_unavailable': False, 'install_base': '/home/tsung/arm_ws/src/mh2_description/install/mh2_description', 'merge_install': False, 'path': '/home/tsung/arm_ws/src/mh2_description', 'symlink_install': False, 'test_result_base': None}
[0.121s] INFO:colcon.colcon_core.executor:Executing jobs using 'parallel' executor
[0.122s] DEBUG:colcon.colcon_parallel_executor.executor.parallel:run_until_complete
[0.122s] INFO:colcon.colcon_ros.task.ament_cmake.build:Building ROS package in '/home/tsung/arm_ws/src/mh2_description' with build type 'ament_cmake'
[0.122s] INFO:colcon.colcon_cmake.task.cmake.build:Building CMake package in '/home/tsung/arm_ws/src/mh2_description'
[0.123s] INFO:colcon.colcon_core.plugin_system:Skipping extension 'colcon_core.shell.bat': Not used on non-Windows systems
[0.123s] INFO:colcon.colcon_core.shell:Skip shell extension 'powershell' for command environment: Not usable outside of PowerShell
[0.123s] DEBUG:colcon.colcon_core.shell:Skip shell extension 'dsv' for command environment
[0.128s] DEBUG:colcon.colcon_core.event_handler.log_command:Invoking command in '/home/tsung/arm_ws/src/mh2_description/build/mh2_description': CMAKE_PREFIX_PATH=${CMAKE_PREFIX_PATH}:/opt/ros/jazzy DEBUGINFOD_URLS=https://debuginfod.ubuntu.com /usr/bin/cmake --build /home/tsung/arm_ws/src/mh2_description/build/mh2_description -- -j20 -l20
[0.157s] DEBUG:colcon.colcon_core.event_handler.log_command:Invoked command in '/home/tsung/arm_ws/src/mh2_description/build/mh2_description' returned '0': CMAKE_PREFIX_PATH=${CMAKE_PREFIX_PATH}:/opt/ros/jazzy DEBUGINFOD_URLS=https://debuginfod.ubuntu.com /usr/bin/cmake --build /home/tsung/arm_ws/src/mh2_description/build/mh2_description -- -j20 -l20
[0.172s] DEBUG:colcon.colcon_core.event_handler.log_command:Invoking command in '/home/tsung/arm_ws/src/mh2_description/build/mh2_description': CMAKE_PREFIX_PATH=${CMAKE_PREFIX_PATH}:/opt/ros/jazzy DEBUGINFOD_URLS=https://debuginfod.ubuntu.com /usr/bin/cmake --install /home/tsung/arm_ws/src/mh2_description/build/mh2_description
[0.192s] Level 1:colcon.colcon_core.environment:create_environment_scripts_only(mh2_description)
[0.199s] Level 1:colcon.colcon_core.environment:checking '/home/tsung/arm_ws/src/mh2_description/install/mh2_description' for CMake module files
[0.200s] Level 1:colcon.colcon_core.environment:checking '/home/tsung/arm_ws/src/mh2_description/install/mh2_description' for CMake config files
[0.202s] Level 1:colcon.colcon_core.shell:create_environment_hook('mh2_description', 'cmake_prefix_path')
[0.202s] INFO:colcon.colcon_core.shell:Creating environment hook '/home/tsung/arm_ws/src/mh2_description/install/mh2_description/share/mh2_description/hook/cmake_prefix_path.ps1'
[0.203s] DEBUG:colcon.colcon_core.event_handler.log_command:Invoked command in '/home/tsung/arm_ws/src/mh2_description/build/mh2_description' returned '0': CMAKE_PREFIX_PATH=${CMAKE_PREFIX_PATH}:/opt/ros/jazzy DEBUGINFOD_URLS=https://debuginfod.ubuntu.com /usr/bin/cmake --install /home/tsung/arm_ws/src/mh2_description/build/mh2_description
[0.203s] INFO:colcon.colcon_core.shell:Creating environment descriptor '/home/tsung/arm_ws/src/mh2_description/install/mh2_description/share/mh2_description/hook/cmake_prefix_path.dsv'
[0.204s] INFO:colcon.colcon_core.shell:Creating environment hook '/home/tsung/arm_ws/src/mh2_description/install/mh2_description/share/mh2_description/hook/cmake_prefix_path.sh'
[0.205s] Level 1:colcon.colcon_core.environment:checking '/home/tsung/arm_ws/src/mh2_description/install/mh2_description/bin'
[0.205s] Level 1:colcon.colcon_core.environment:checking '/home/tsung/arm_ws/src/mh2_description/install/mh2_description/lib/pkgconfig/mh2_description.pc'
[0.205s] Level 1:colcon.colcon_core.environment:checking '/home/tsung/arm_ws/src/mh2_description/install/mh2_description/lib/python3.12/site-packages'
[0.206s] Level 1:colcon.colcon_core.environment:checking '/home/tsung/arm_ws/src/mh2_description/install/mh2_description/bin'
[0.206s] INFO:colcon.colcon_core.shell:Creating package script '/home/tsung/arm_ws/src/mh2_description/install/mh2_description/share/mh2_description/package.ps1'
[0.207s] INFO:colcon.colcon_core.shell:Creating package descriptor '/home/tsung/arm_ws/src/mh2_description/install/mh2_description/share/mh2_description/package.dsv'
[0.207s] INFO:colcon.colcon_core.shell:Creating package script '/home/tsung/arm_ws/src/mh2_description/install/mh2_description/share/mh2_description/package.sh'
[0.208s] INFO:colcon.colcon_core.shell:Creating package script '/home/tsung/arm_ws/src/mh2_description/install/mh2_description/share/mh2_description/package.bash'
[0.208s] INFO:colcon.colcon_core.shell:Creating package script '/home/tsung/arm_ws/src/mh2_description/install/mh2_description/share/mh2_description/package.zsh'
[0.209s] Level 1:colcon.colcon_core.environment:create_file_with_runtime_dependencies(/home/tsung/arm_ws/src/mh2_description/install/mh2_description/share/colcon-core/packages/mh2_description)
[0.209s] Level 1:colcon.colcon_core.environment:create_environment_scripts_only(mh2_description)
[0.209s] Level 1:colcon.colcon_core.environment:checking '/home/tsung/arm_ws/src/mh2_description/install/mh2_description' for CMake module files
[0.210s] Level 1:colcon.colcon_core.environment:checking '/home/tsung/arm_ws/src/mh2_description/install/mh2_description' for CMake config files
[0.210s] Level 1:colcon.colcon_core.shell:create_environment_hook('mh2_description', 'cmake_prefix_path')
[0.210s] INFO:colcon.colcon_core.shell:Creating environment hook '/home/tsung/arm_ws/src/mh2_description/install/mh2_description/share/mh2_description/hook/cmake_prefix_path.ps1'
[0.210s] INFO:colcon.colcon_core.shell:Creating environment descriptor '/home/tsung/arm_ws/src/mh2_description/install/mh2_description/share/mh2_description/hook/cmake_prefix_path.dsv'
[0.210s] INFO:colcon.colcon_core.shell:Creating environment hook '/home/tsung/arm_ws/src/mh2_description/install/mh2_description/share/mh2_description/hook/cmake_prefix_path.sh'
[0.211s] Level 1:colcon.colcon_core.environment:checking '/home/tsung/arm_ws/src/mh2_description/install/mh2_description/bin'
[0.211s] Level 1:colcon.colcon_core.environment:checking '/home/tsung/arm_ws/src/mh2_description/install/mh2_description/lib/pkgconfig/mh2_description.pc'
[0.211s] Level 1:colcon.colcon_core.environment:checking '/home/tsung/arm_ws/src/mh2_description/install/mh2_description/lib/python3.12/site-packages'
[0.211s] Level 1:colcon.colcon_core.environment:checking '/home/tsung/arm_ws/src/mh2_description/install/mh2_description/bin'
[0.211s] INFO:colcon.colcon_core.shell:Creating package script '/home/tsung/arm_ws/src/mh2_description/install/mh2_description/share/mh2_description/package.ps1'
[0.212s] INFO:colcon.colcon_core.shell:Creating package descriptor '/home/tsung/arm_ws/src/mh2_description/install/mh2_description/share/mh2_description/package.dsv'
[0.212s] INFO:colcon.colcon_core.shell:Creating package script '/home/tsung/arm_ws/src/mh2_description/install/mh2_description/share/mh2_description/package.sh'
[0.212s] INFO:colcon.colcon_core.shell:Creating package script '/home/tsung/arm_ws/src/mh2_description/install/mh2_description/share/mh2_description/package.bash'
[0.212s] INFO:colcon.colcon_core.shell:Creating package script '/home/tsung/arm_ws/src/mh2_description/install/mh2_description/share/mh2_description/package.zsh'
[0.212s] Level 1:colcon.colcon_core.environment:create_file_with_runtime_dependencies(/home/tsung/arm_ws/src/mh2_description/install/mh2_description/share/colcon-core/packages/mh2_description)
[0.212s] DEBUG:colcon.colcon_parallel_executor.executor.parallel:closing loop
[0.213s] DEBUG:colcon.colcon_parallel_executor.executor.parallel:loop closed
[0.213s] DEBUG:colcon.colcon_parallel_executor.executor.parallel:run_until_complete finished with '0'
[0.213s] DEBUG:colcon.colcon_core.event_reactor:joining thread
[0.222s] INFO:colcon.colcon_core.plugin_system:Skipping extension 'colcon_notification.desktop_notification.terminal_notifier': Not used on non-Darwin systems
[0.222s] INFO:colcon.colcon_core.plugin_system:Skipping extension 'colcon_notification.desktop_notification.win32': Not used on non-Windows systems
[0.222s] INFO:colcon.colcon_notification.desktop_notification:Sending desktop notification using 'notify2'
[0.232s] DEBUG:colcon.colcon_core.event_reactor:joined thread
[0.232s] INFO:colcon.colcon_core.shell:Creating prefix script '/home/tsung/arm_ws/src/mh2_description/install/local_setup.ps1'
[0.233s] INFO:colcon.colcon_core.shell:Creating prefix util module '/home/tsung/arm_ws/src/mh2_description/install/_local_setup_util_ps1.py'
[0.235s] INFO:colcon.colcon_core.shell:Creating prefix chain script '/home/tsung/arm_ws/src/mh2_description/install/setup.ps1'
[0.236s] INFO:colcon.colcon_core.shell:Creating prefix script '/home/tsung/arm_ws/src/mh2_description/install/local_setup.sh'
[0.237s] INFO:colcon.colcon_core.shell:Creating prefix util module '/home/tsung/arm_ws/src/mh2_description/install/_local_setup_util_sh.py'
[0.237s] INFO:colcon.colcon_core.shell:Creating prefix chain script '/home/tsung/arm_ws/src/mh2_description/install/setup.sh'
[0.238s] INFO:colcon.colcon_core.shell:Creating prefix script '/home/tsung/arm_ws/src/mh2_description/install/local_setup.bash'
[0.238s] INFO:colcon.colcon_core.shell:Creating prefix chain script '/home/tsung/arm_ws/src/mh2_description/install/setup.bash'
[0.239s] INFO:colcon.colcon_core.shell:Creating prefix script '/home/tsung/arm_ws/src/mh2_description/install/local_setup.zsh'
[0.239s] INFO:colcon.colcon_core.shell:Creating prefix chain script '/home/tsung/arm_ws/src/mh2_description/install/setup.zsh'
