[0.007s] Invoking command in '/home/tsung/arm_ws/src/mh2_moveit_config/build/mh2_moveit_config': CMAKE_PREFIX_PATH=${CMAKE_PREFIX_PATH}:/opt/ros/jazzy DEBUGINFOD_URLS=https://debuginfod.ubuntu.com /usr/bin/cmake /home/tsung/arm_ws/src/mh2_moveit_config -DCMAKE_INSTALL_PREFIX=/home/tsung/arm_ws/src/mh2_moveit_config/install/mh2_moveit_config
[0.176s] -- The C compiler identification is GNU 13.3.0
[0.297s] -- The CXX compiler identification is GNU 13.3.0
[0.318s] -- Detecting C compiler ABI info
[0.469s] -- Detecting C compiler ABI info - done
[0.486s] -- Check for working C compiler: /usr/bin/cc - skipped
[0.487s] -- Detecting C compile features
[0.487s] -- Detecting C compile features - done
[0.501s] -- Detecting CXX compiler ABI info
[0.641s] -- Detecting CXX compiler ABI info - done
[0.646s] -- Check for working CXX compiler: /usr/bin/c++ - skipped
[0.646s] -- Detecting CXX compile features
[0.646s] -- Detecting CXX compile features - done
[0.656s] -- Found ament_cmake: 2.5.6 (/opt/ros/jazzy/share/ament_cmake/cmake)
[0.755s] -- Found Python3: /usr/bin/python3 (found version "3.12.3") found components: Interpreter 
[0.888s] -- Configuring done (0.9s)
[0.889s] -- Generating done (0.0s)
[0.890s] -- Build files have been written to: /home/tsung/arm_ws/src/mh2_moveit_config/build/mh2_moveit_config
[0.894s] Invoked command in '/home/tsung/arm_ws/src/mh2_moveit_config/build/mh2_moveit_config' returned '0': CMAKE_PREFIX_PATH=${CMAKE_PREFIX_PATH}:/opt/ros/jazzy DEBUGINFOD_URLS=https://debuginfod.ubuntu.com /usr/bin/cmake /home/tsung/arm_ws/src/mh2_moveit_config -DCMAKE_INSTALL_PREFIX=/home/tsung/arm_ws/src/mh2_moveit_config/install/mh2_moveit_config
[0.894s] Invoking command in '/home/tsung/arm_ws/src/mh2_moveit_config/build/mh2_moveit_config': CMAKE_PREFIX_PATH=${CMAKE_PREFIX_PATH}:/opt/ros/jazzy DEBUGINFOD_URLS=https://debuginfod.ubuntu.com /usr/bin/cmake --build /home/tsung/arm_ws/src/mh2_moveit_config/build/mh2_moveit_config -- -j20 -l20
[0.924s] Invoked command in '/home/tsung/arm_ws/src/mh2_moveit_config/build/mh2_moveit_config' returned '0': CMAKE_PREFIX_PATH=${CMAKE_PREFIX_PATH}:/opt/ros/jazzy DEBUGINFOD_URLS=https://debuginfod.ubuntu.com /usr/bin/cmake --build /home/tsung/arm_ws/src/mh2_moveit_config/build/mh2_moveit_config -- -j20 -l20
[0.930s] Invoking command in '/home/tsung/arm_ws/src/mh2_moveit_config/build/mh2_moveit_config': CMAKE_PREFIX_PATH=${CMAKE_PREFIX_PATH}:/opt/ros/jazzy DEBUGINFOD_URLS=https://debuginfod.ubuntu.com /usr/bin/cmake --install /home/tsung/arm_ws/src/mh2_moveit_config/build/mh2_moveit_config
[0.942s] -- Install configuration: ""
[0.942s] -- Installing: /home/tsung/arm_ws/src/mh2_moveit_config/install/mh2_moveit_config/share/ament_index/resource_index/package_run_dependencies/mh2_moveit_config
[0.943s] -- Installing: /home/tsung/arm_ws/src/mh2_moveit_config/install/mh2_moveit_config/share/ament_index/resource_index/parent_prefix_path/mh2_moveit_config
[0.943s] -- Installing: /home/tsung/arm_ws/src/mh2_moveit_config/install/mh2_moveit_config/share/mh2_moveit_config/environment/ament_prefix_path.sh
[0.943s] -- Installing: /home/tsung/arm_ws/src/mh2_moveit_config/install/mh2_moveit_config/share/mh2_moveit_config/environment/ament_prefix_path.dsv
[0.943s] -- Installing: /home/tsung/arm_ws/src/mh2_moveit_config/install/mh2_moveit_config/share/mh2_moveit_config/environment/path.sh
[0.943s] -- Installing: /home/tsung/arm_ws/src/mh2_moveit_config/install/mh2_moveit_config/share/mh2_moveit_config/environment/path.dsv
[0.943s] -- Installing: /home/tsung/arm_ws/src/mh2_moveit_config/install/mh2_moveit_config/share/mh2_moveit_config/local_setup.bash
[0.943s] -- Installing: /home/tsung/arm_ws/src/mh2_moveit_config/install/mh2_moveit_config/share/mh2_moveit_config/local_setup.sh
[0.944s] -- Installing: /home/tsung/arm_ws/src/mh2_moveit_config/install/mh2_moveit_config/share/mh2_moveit_config/local_setup.zsh
[0.944s] -- Installing: /home/tsung/arm_ws/src/mh2_moveit_config/install/mh2_moveit_config/share/mh2_moveit_config/local_setup.dsv
[0.944s] -- Installing: /home/tsung/arm_ws/src/mh2_moveit_config/install/mh2_moveit_config/share/mh2_moveit_config/package.dsv
[0.944s] -- Installing: /home/tsung/arm_ws/src/mh2_moveit_config/install/mh2_moveit_config/share/ament_index/resource_index/packages/mh2_moveit_config
[0.944s] -- Installing: /home/tsung/arm_ws/src/mh2_moveit_config/install/mh2_moveit_config/share/mh2_moveit_config/cmake/mh2_moveit_configConfig.cmake
[0.944s] -- Installing: /home/tsung/arm_ws/src/mh2_moveit_config/install/mh2_moveit_config/share/mh2_moveit_config/cmake/mh2_moveit_configConfig-version.cmake
[0.944s] -- Installing: /home/tsung/arm_ws/src/mh2_moveit_config/install/mh2_moveit_config/share/mh2_moveit_config/package.xml
[0.944s] -- Installing: /home/tsung/arm_ws/src/mh2_moveit_config/install/mh2_moveit_config/share/mh2_moveit_config/launch
[0.945s] -- Installing: /home/tsung/arm_ws/src/mh2_moveit_config/install/mh2_moveit_config/share/mh2_moveit_config/launch/moveit_rviz.launch.py
[0.945s] -- Installing: /home/tsung/arm_ws/src/mh2_moveit_config/install/mh2_moveit_config/share/mh2_moveit_config/launch/warehouse_db.launch.py
[0.945s] -- Installing: /home/tsung/arm_ws/src/mh2_moveit_config/install/mh2_moveit_config/share/mh2_moveit_config/launch/rsp.launch.py
[0.945s] -- Installing: /home/tsung/arm_ws/src/mh2_moveit_config/install/mh2_moveit_config/share/mh2_moveit_config/launch/static_virtual_joint_tfs.launch.py
[0.945s] -- Installing: /home/tsung/arm_ws/src/mh2_moveit_config/install/mh2_moveit_config/share/mh2_moveit_config/launch/setup_assistant.launch.py
[0.945s] -- Installing: /home/tsung/arm_ws/src/mh2_moveit_config/install/mh2_moveit_config/share/mh2_moveit_config/launch/demo.launch.py
[0.945s] -- Installing: /home/tsung/arm_ws/src/mh2_moveit_config/install/mh2_moveit_config/share/mh2_moveit_config/launch/spawn_controllers.launch.py
[0.945s] -- Installing: /home/tsung/arm_ws/src/mh2_moveit_config/install/mh2_moveit_config/share/mh2_moveit_config/launch/move_group.launch.py
[0.945s] -- Installing: /home/tsung/arm_ws/src/mh2_moveit_config/install/mh2_moveit_config/share/mh2_moveit_config/config
[0.946s] -- Installing: /home/tsung/arm_ws/src/mh2_moveit_config/install/mh2_moveit_config/share/mh2_moveit_config/config/pilz_cartesian_limits.yaml
[0.946s] -- Installing: /home/tsung/arm_ws/src/mh2_moveit_config/install/mh2_moveit_config/share/mh2_moveit_config/config/with_head_urdf.srdf
[0.946s] -- Installing: /home/tsung/arm_ws/src/mh2_moveit_config/install/mh2_moveit_config/share/mh2_moveit_config/config/with_head_urdf.ros2_control.xacro
[0.946s] -- Installing: /home/tsung/arm_ws/src/mh2_moveit_config/install/mh2_moveit_config/share/mh2_moveit_config/config/moveit_controllers.yaml
[0.946s] -- Installing: /home/tsung/arm_ws/src/mh2_moveit_config/install/mh2_moveit_config/share/mh2_moveit_config/config/moveit.rviz
[0.946s] -- Installing: /home/tsung/arm_ws/src/mh2_moveit_config/install/mh2_moveit_config/share/mh2_moveit_config/config/initial_positions.yaml
[0.946s] -- Installing: /home/tsung/arm_ws/src/mh2_moveit_config/install/mh2_moveit_config/share/mh2_moveit_config/config/kinematics.yaml
[0.947s] -- Installing: /home/tsung/arm_ws/src/mh2_moveit_config/install/mh2_moveit_config/share/mh2_moveit_config/config/ros2_controllers.yaml
[0.947s] -- Installing: /home/tsung/arm_ws/src/mh2_moveit_config/install/mh2_moveit_config/share/mh2_moveit_config/config/joint_limits.yaml
[0.947s] -- Installing: /home/tsung/arm_ws/src/mh2_moveit_config/install/mh2_moveit_config/share/mh2_moveit_config/config/with_head_urdf.urdf.xacro
[0.947s] -- Installing: /home/tsung/arm_ws/src/mh2_moveit_config/install/mh2_moveit_config/share/mh2_moveit_config/.setup_assistant
[0.948s] Invoked command in '/home/tsung/arm_ws/src/mh2_moveit_config/build/mh2_moveit_config' returned '0': CMAKE_PREFIX_PATH=${CMAKE_PREFIX_PATH}:/opt/ros/jazzy DEBUGINFOD_URLS=https://debuginfod.ubuntu.com /usr/bin/cmake --install /home/tsung/arm_ws/src/mh2_moveit_config/build/mh2_moveit_config
