[0.016s] Invoking command in '/home/tsung/mh2_robot_ws/src/build/mh2_bringup': CMAKE_PREFIX_PATH=${CMAKE_PREFIX_PATH}:/opt/ros/jazzy DEBUGINFOD_URLS=https://debuginfod.ubuntu.com /usr/bin/cmake /home/tsung/mh2_robot_ws/src/mh2_bringup -DCMAKE_INSTALL_PREFIX=/home/tsung/mh2_robot_ws/src/install/mh2_bringup
[0.059s] -- The C compiler identification is GNU 13.3.0
[0.111s] -- The CXX compiler identification is GNU 13.3.0
[0.127s] -- Detecting C compiler ABI info
[0.263s] -- Detecting C compiler ABI info - done
[0.277s] -- Check for working C compiler: /usr/bin/cc - skipped
[0.277s] -- Detecting C compile features
[0.278s] -- Detecting C compile features - done
[0.287s] -- Detecting CXX compiler ABI info
[0.369s] -- Detecting CXX compiler ABI info - done
[0.375s] -- Check for working CXX compiler: /usr/bin/c++ - skipped
[0.375s] -- Detecting CXX compile features
[0.375s] -- Detecting CXX compile features - done
[0.378s] -- Found ament_cmake: 2.5.6 (/opt/ros/jazzy/share/ament_cmake/cmake)
[0.481s] -- Found Python3: /usr/bin/python3 (found version "3.12.3") found components: Interpreter 
[0.615s] -- Configuring done (0.6s)
[0.616s] -- Generating done (0.0s)
[0.617s] -- Build files have been written to: /home/tsung/mh2_robot_ws/src/build/mh2_bringup
[0.619s] Invoked command in '/home/tsung/mh2_robot_ws/src/build/mh2_bringup' returned '0': CMAKE_PREFIX_PATH=${CMAKE_PREFIX_PATH}:/opt/ros/jazzy DEBUGINFOD_URLS=https://debuginfod.ubuntu.com /usr/bin/cmake /home/tsung/mh2_robot_ws/src/mh2_bringup -DCMAKE_INSTALL_PREFIX=/home/tsung/mh2_robot_ws/src/install/mh2_bringup
[0.620s] Invoking command in '/home/tsung/mh2_robot_ws/src/build/mh2_bringup': CMAKE_PREFIX_PATH=${CMAKE_PREFIX_PATH}:/opt/ros/jazzy DEBUGINFOD_URLS=https://debuginfod.ubuntu.com /usr/bin/cmake --build /home/tsung/mh2_robot_ws/src/build/mh2_bringup -- -j20 -l20
[0.648s] Invoked command in '/home/tsung/mh2_robot_ws/src/build/mh2_bringup' returned '0': CMAKE_PREFIX_PATH=${CMAKE_PREFIX_PATH}:/opt/ros/jazzy DEBUGINFOD_URLS=https://debuginfod.ubuntu.com /usr/bin/cmake --build /home/tsung/mh2_robot_ws/src/build/mh2_bringup -- -j20 -l20
[0.649s] Invoking command in '/home/tsung/mh2_robot_ws/src/build/mh2_bringup': CMAKE_PREFIX_PATH=${CMAKE_PREFIX_PATH}:/opt/ros/jazzy DEBUGINFOD_URLS=https://debuginfod.ubuntu.com /usr/bin/cmake --install /home/tsung/mh2_robot_ws/src/build/mh2_bringup
[0.654s] -- Install configuration: ""
[0.654s] -- Installing: /home/tsung/mh2_robot_ws/src/install/mh2_bringup/share/mh2_bringup/launch
[0.654s] -- Installing: /home/tsung/mh2_robot_ws/src/install/mh2_bringup/share/mh2_bringup/launch/ros2_control.launch.py
[0.654s] -- Installing: /home/tsung/mh2_robot_ws/src/install/mh2_bringup/share/mh2_bringup/config
[0.654s] -- Installing: /home/tsung/mh2_robot_ws/src/install/mh2_bringup/share/mh2_bringup/config/ros2_controllers.yaml
[0.655s] -- Installing: /home/tsung/mh2_robot_ws/src/install/mh2_bringup/share/ament_index/resource_index/package_run_dependencies/mh2_bringup
[0.655s] -- Installing: /home/tsung/mh2_robot_ws/src/install/mh2_bringup/share/ament_index/resource_index/parent_prefix_path/mh2_bringup
[0.655s] -- Installing: /home/tsung/mh2_robot_ws/src/install/mh2_bringup/share/mh2_bringup/environment/ament_prefix_path.sh
[0.655s] -- Installing: /home/tsung/mh2_robot_ws/src/install/mh2_bringup/share/mh2_bringup/environment/ament_prefix_path.dsv
[0.655s] -- Installing: /home/tsung/mh2_robot_ws/src/install/mh2_bringup/share/mh2_bringup/environment/path.sh
[0.655s] -- Installing: /home/tsung/mh2_robot_ws/src/install/mh2_bringup/share/mh2_bringup/environment/path.dsv
[0.655s] -- Installing: /home/tsung/mh2_robot_ws/src/install/mh2_bringup/share/mh2_bringup/local_setup.bash
[0.655s] -- Installing: /home/tsung/mh2_robot_ws/src/install/mh2_bringup/share/mh2_bringup/local_setup.sh
[0.655s] -- Installing: /home/tsung/mh2_robot_ws/src/install/mh2_bringup/share/mh2_bringup/local_setup.zsh
[0.655s] -- Installing: /home/tsung/mh2_robot_ws/src/install/mh2_bringup/share/mh2_bringup/local_setup.dsv
[0.655s] -- Installing: /home/tsung/mh2_robot_ws/src/install/mh2_bringup/share/mh2_bringup/package.dsv
[0.655s] -- Installing: /home/tsung/mh2_robot_ws/src/install/mh2_bringup/share/ament_index/resource_index/packages/mh2_bringup
[0.656s] -- Installing: /home/tsung/mh2_robot_ws/src/install/mh2_bringup/share/mh2_bringup/cmake/mh2_bringupConfig.cmake
[0.656s] -- Installing: /home/tsung/mh2_robot_ws/src/install/mh2_bringup/share/mh2_bringup/cmake/mh2_bringupConfig-version.cmake
[0.656s] -- Installing: /home/tsung/mh2_robot_ws/src/install/mh2_bringup/share/mh2_bringup/package.xml
[0.656s] Invoked command in '/home/tsung/mh2_robot_ws/src/build/mh2_bringup' returned '0': CMAKE_PREFIX_PATH=${CMAKE_PREFIX_PATH}:/opt/ros/jazzy DEBUGINFOD_URLS=https://debuginfod.ubuntu.com /usr/bin/cmake --install /home/tsung/mh2_robot_ws/src/build/mh2_bringup
