[0.051s] DEBUG:colcon:Command line arguments: ['/usr/bin/colcon', 'build']
[0.051s] DEBUG:colcon:Parsed command line arguments: Namespace(log_base=None, log_level=None, verb_name='build', build_base='build', install_base='install', merge_install=False, symlink_install=False, test_result_base=None, continue_on_error=False, executor='parallel', parallel_workers=20, event_handlers=None, ignore_user_meta=False, metas=['./colcon.meta'], base_paths=['.'], packages_ignore=None, packages_ignore_regex=None, paths=None, packages_up_to=None, packages_up_to_regex=None, packages_above=None, packages_above_and_dependencies=None, packages_above_depth=None, packages_select_by_dep=None, packages_skip_by_dep=None, packages_skip_up_to=None, packages_select_build_failed=False, packages_skip_build_finished=False, packages_select_test_failures=False, packages_skip_test_passed=False, packages_select=None, packages_skip=None, packages_select_regex=None, packages_skip_regex=None, packages_start=None, packages_end=None, allow_overriding=[], cmake_args=None, cmake_target=None, cmake_target_skip_unavailable=False, cmake_clean_cache=False, cmake_clean_first=False, cmake_force_configure=False, ament_cmake_args=None, catkin_cmake_args=None, catkin_skip_building_tests=False, verb_parser=<colcon_defaults.argument_parser.defaults.DefaultArgumentsDecorator object at 0x71d22517f020>, verb_extension=<colcon_core.verb.build.BuildVerb object at 0x71d22517ea50>, main=<bound method BuildVerb.main of <colcon_core.verb.build.BuildVerb object at 0x71d22517ea50>>)
[0.069s] Level 1:colcon.colcon_core.package_discovery:discover_packages(colcon_meta) check parameters
[0.069s] Level 1:colcon.colcon_core.package_discovery:discover_packages(recursive) check parameters
[0.069s] Level 1:colcon.colcon_core.package_discovery:discover_packages(ignore) check parameters
[0.069s] Level 1:colcon.colcon_core.package_discovery:discover_packages(path) check parameters
[0.069s] Level 1:colcon.colcon_core.package_discovery:discover_packages(colcon_meta) discover
[0.069s] Level 1:colcon.colcon_core.package_discovery:discover_packages(recursive) discover
[0.069s] INFO:colcon.colcon_core.package_discovery:Crawling recursively for packages in '/home/tsung/arm_ws/src/mh2_description'
[0.069s] Level 1:colcon.colcon_core.package_identification:_identify(.) by extensions ['ignore', 'ignore_ament_install']
[0.069s] Level 1:colcon.colcon_core.package_identification:_identify(.) by extension 'ignore'
[0.069s] Level 1:colcon.colcon_core.package_identification:_identify(.) by extension 'ignore_ament_install'
[0.069s] Level 1:colcon.colcon_core.package_identification:_identify(.) by extensions ['colcon_pkg']
[0.069s] Level 1:colcon.colcon_core.package_identification:_identify(.) by extension 'colcon_pkg'
[0.069s] Level 1:colcon.colcon_core.package_identification:_identify(.) by extensions ['colcon_meta']
[0.069s] Level 1:colcon.colcon_core.package_identification:_identify(.) by extension 'colcon_meta'
[0.069s] Level 1:colcon.colcon_core.package_identification:_identify(.) by extensions ['ros']
[0.069s] Level 1:colcon.colcon_core.package_identification:_identify(.) by extension 'ros'
[0.083s] DEBUG:colcon.colcon_core.package_identification:Package '.' with type 'ros.ament_cmake' and name 'mh2_description'
[0.083s] Level 1:colcon.colcon_core.package_discovery:discover_packages(recursive) using defaults
[0.083s] Level 1:colcon.colcon_core.package_discovery:discover_packages(ignore) discover
[0.083s] Level 1:colcon.colcon_core.package_discovery:discover_packages(ignore) using defaults
[0.083s] Level 1:colcon.colcon_core.package_discovery:discover_packages(path) discover
[0.083s] Level 1:colcon.colcon_core.package_discovery:discover_packages(path) using defaults
[0.090s] Level 1:colcon.colcon_core.package_discovery:discover_packages(prefix_path) check parameters
[0.090s] Level 1:colcon.colcon_core.package_discovery:discover_packages(prefix_path) discover
[0.091s] DEBUG:colcon.colcon_installed_package_information.package_discovery:Found 1 installed packages in /home/tsung/arm_ws/src/mh2_description/install
[0.091s] DEBUG:colcon.colcon_installed_package_information.package_discovery:Found 1 installed packages in /home/tsung/arm_ws/install
[0.092s] DEBUG:colcon.colcon_installed_package_information.package_discovery:Found 475 installed packages in /opt/ros/jazzy
[0.093s] Level 1:colcon.colcon_core.package_discovery:discover_packages(prefix_path) using defaults
[0.118s] Level 5:colcon.colcon_core.verb:set package 'mh2_description' build argument 'cmake_args' from command line to 'None'
[0.118s] Level 5:colcon.colcon_core.verb:set package 'mh2_description' build argument 'cmake_target' from command line to 'None'
[0.118s] Level 5:colcon.colcon_core.verb:set package 'mh2_description' build argument 'cmake_target_skip_unavailable' from command line to 'False'
[0.118s] Level 5:colcon.colcon_core.verb:set package 'mh2_description' build argument 'cmake_clean_cache' from command line to 'False'
[0.118s] Level 5:colcon.colcon_core.verb:set package 'mh2_description' build argument 'cmake_clean_first' from command line to 'False'
[0.118s] Level 5:colcon.colcon_core.verb:set package 'mh2_description' build argument 'cmake_force_configure' from command line to 'False'
[0.118s] Level 5:colcon.colcon_core.verb:set package 'mh2_description' build argument 'ament_cmake_args' from command line to 'None'
[0.118s] Level 5:colcon.colcon_core.verb:set package 'mh2_description' build argument 'catkin_cmake_args' from command line to 'None'
[0.118s] Level 5:colcon.colcon_core.verb:set package 'mh2_description' build argument 'catkin_skip_building_tests' from command line to 'False'
[0.118s] DEBUG:colcon.colcon_core.verb:Building package 'mh2_description' with the following arguments: {'ament_cmake_args': None, 'build_base': '/home/tsung/arm_ws/src/mh2_description/build/mh2_description', 'catkin_cmake_args': None, 'catkin_skip_building_tests': False, 'cmake_args': None, 'cmake_clean_cache': False, 'cmake_clean_first': False, 'cmake_force_configure': False, 'cmake_target': None, 'cmake_target_skip_unavailable': False, 'install_base': '/home/tsung/arm_ws/src/mh2_description/install/mh2_description', 'merge_install': False, 'path': '/home/tsung/arm_ws/src/mh2_description', 'symlink_install': False, 'test_result_base': None}
[0.118s] INFO:colcon.colcon_core.executor:Executing jobs using 'parallel' executor
[0.119s] DEBUG:colcon.colcon_parallel_executor.executor.parallel:run_until_complete
[0.119s] INFO:colcon.colcon_ros.task.ament_cmake.build:Building ROS package in '/home/tsung/arm_ws/src/mh2_description' with build type 'ament_cmake'
[0.119s] INFO:colcon.colcon_cmake.task.cmake.build:Building CMake package in '/home/tsung/arm_ws/src/mh2_description'
[0.120s] INFO:colcon.colcon_core.plugin_system:Skipping extension 'colcon_core.shell.bat': Not used on non-Windows systems
[0.120s] INFO:colcon.colcon_core.shell:Skip shell extension 'powershell' for command environment: Not usable outside of PowerShell
[0.120s] DEBUG:colcon.colcon_core.shell:Skip shell extension 'dsv' for command environment
[0.126s] DEBUG:colcon.colcon_core.event_handler.log_command:Invoking command in '/home/tsung/arm_ws/src/mh2_description/build/mh2_description': CMAKE_PREFIX_PATH=${CMAKE_PREFIX_PATH}:/opt/ros/jazzy DEBUGINFOD_URLS=https://debuginfod.ubuntu.com /usr/bin/cmake --build /home/tsung/arm_ws/src/mh2_description/build/mh2_description -- -j20 -l20
[0.148s] DEBUG:colcon.colcon_core.event_handler.log_command:Invoked command in '/home/tsung/arm_ws/src/mh2_description/build/mh2_description' returned '0': CMAKE_PREFIX_PATH=${CMAKE_PREFIX_PATH}:/opt/ros/jazzy DEBUGINFOD_URLS=https://debuginfod.ubuntu.com /usr/bin/cmake --build /home/tsung/arm_ws/src/mh2_description/build/mh2_description -- -j20 -l20
[0.152s] WARNING:colcon.colcon_cmake.task.cmake.build:Unable to determine CMake version, building the installtarget instead of invoking 'cmake --install'
[0.153s] DEBUG:colcon.colcon_core.event_handler.log_command:Invoking command in '/home/tsung/arm_ws/src/mh2_description/build/mh2_description': CMAKE_PREFIX_PATH=${CMAKE_PREFIX_PATH}:/opt/ros/jazzy DEBUGINFOD_URLS=https://debuginfod.ubuntu.com /usr/bin/cmake --build /home/tsung/arm_ws/src/mh2_description/build/mh2_description --target install -- -j20 -l20
[0.229s] Level 1:colcon.colcon_core.environment:create_environment_scripts_only(mh2_description)
[0.229s] DEBUG:colcon.colcon_core.event_handler.log_command:Invoked command in '/home/tsung/arm_ws/src/mh2_description/build/mh2_description' returned '0': CMAKE_PREFIX_PATH=${CMAKE_PREFIX_PATH}:/opt/ros/jazzy DEBUGINFOD_URLS=https://debuginfod.ubuntu.com /usr/bin/cmake --build /home/tsung/arm_ws/src/mh2_description/build/mh2_description --target install -- -j20 -l20
[0.230s] Level 1:colcon.colcon_core.environment:checking '/home/tsung/arm_ws/src/mh2_description/install/mh2_description' for CMake module files
[0.231s] Level 1:colcon.colcon_core.environment:checking '/home/tsung/arm_ws/src/mh2_description/install/mh2_description' for CMake config files
[0.231s] Level 1:colcon.colcon_core.shell:create_environment_hook('mh2_description', 'cmake_prefix_path')
[0.231s] INFO:colcon.colcon_core.shell:Creating environment hook '/home/tsung/arm_ws/src/mh2_description/install/mh2_description/share/mh2_description/hook/cmake_prefix_path.ps1'
[0.231s] INFO:colcon.colcon_core.shell:Creating environment descriptor '/home/tsung/arm_ws/src/mh2_description/install/mh2_description/share/mh2_description/hook/cmake_prefix_path.dsv'
[0.232s] INFO:colcon.colcon_core.shell:Creating environment hook '/home/tsung/arm_ws/src/mh2_description/install/mh2_description/share/mh2_description/hook/cmake_prefix_path.sh'
[0.232s] Level 1:colcon.colcon_core.environment:checking '/home/tsung/arm_ws/src/mh2_description/install/mh2_description/bin'
[0.232s] Level 1:colcon.colcon_core.environment:checking '/home/tsung/arm_ws/src/mh2_description/install/mh2_description/lib/pkgconfig/mh2_description.pc'
[0.232s] Level 1:colcon.colcon_core.environment:checking '/home/tsung/arm_ws/src/mh2_description/install/mh2_description/lib/python3.12/site-packages'
[0.232s] Level 1:colcon.colcon_core.environment:checking '/home/tsung/arm_ws/src/mh2_description/install/mh2_description/bin'
[0.233s] INFO:colcon.colcon_core.shell:Creating package script '/home/tsung/arm_ws/src/mh2_description/install/mh2_description/share/mh2_description/package.ps1'
[0.233s] INFO:colcon.colcon_core.shell:Creating package descriptor '/home/tsung/arm_ws/src/mh2_description/install/mh2_description/share/mh2_description/package.dsv'
[0.233s] INFO:colcon.colcon_core.shell:Creating package script '/home/tsung/arm_ws/src/mh2_description/install/mh2_description/share/mh2_description/package.sh'
[0.234s] INFO:colcon.colcon_core.shell:Creating package script '/home/tsung/arm_ws/src/mh2_description/install/mh2_description/share/mh2_description/package.bash'
[0.234s] INFO:colcon.colcon_core.shell:Creating package script '/home/tsung/arm_ws/src/mh2_description/install/mh2_description/share/mh2_description/package.zsh'
[0.235s] Level 1:colcon.colcon_core.environment:create_file_with_runtime_dependencies(/home/tsung/arm_ws/src/mh2_description/install/mh2_description/share/colcon-core/packages/mh2_description)
[0.235s] Level 1:colcon.colcon_core.environment:create_environment_scripts_only(mh2_description)
[0.235s] Level 1:colcon.colcon_core.environment:checking '/home/tsung/arm_ws/src/mh2_description/install/mh2_description' for CMake module files
[0.235s] Level 1:colcon.colcon_core.environment:checking '/home/tsung/arm_ws/src/mh2_description/install/mh2_description' for CMake config files
[0.236s] Level 1:colcon.colcon_core.shell:create_environment_hook('mh2_description', 'cmake_prefix_path')
[0.236s] INFO:colcon.colcon_core.shell:Creating environment hook '/home/tsung/arm_ws/src/mh2_description/install/mh2_description/share/mh2_description/hook/cmake_prefix_path.ps1'
[0.236s] INFO:colcon.colcon_core.shell:Creating environment descriptor '/home/tsung/arm_ws/src/mh2_description/install/mh2_description/share/mh2_description/hook/cmake_prefix_path.dsv'
[0.236s] INFO:colcon.colcon_core.shell:Creating environment hook '/home/tsung/arm_ws/src/mh2_description/install/mh2_description/share/mh2_description/hook/cmake_prefix_path.sh'
[0.236s] Level 1:colcon.colcon_core.environment:checking '/home/tsung/arm_ws/src/mh2_description/install/mh2_description/bin'
[0.236s] Level 1:colcon.colcon_core.environment:checking '/home/tsung/arm_ws/src/mh2_description/install/mh2_description/lib/pkgconfig/mh2_description.pc'
[0.237s] Level 1:colcon.colcon_core.environment:checking '/home/tsung/arm_ws/src/mh2_description/install/mh2_description/lib/python3.12/site-packages'
[0.237s] Level 1:colcon.colcon_core.environment:checking '/home/tsung/arm_ws/src/mh2_description/install/mh2_description/bin'
[0.237s] INFO:colcon.colcon_core.shell:Creating package script '/home/tsung/arm_ws/src/mh2_description/install/mh2_description/share/mh2_description/package.ps1'
[0.237s] INFO:colcon.colcon_core.shell:Creating package descriptor '/home/tsung/arm_ws/src/mh2_description/install/mh2_description/share/mh2_description/package.dsv'
[0.237s] INFO:colcon.colcon_core.shell:Creating package script '/home/tsung/arm_ws/src/mh2_description/install/mh2_description/share/mh2_description/package.sh'
[0.238s] INFO:colcon.colcon_core.shell:Creating package script '/home/tsung/arm_ws/src/mh2_description/install/mh2_description/share/mh2_description/package.bash'
[0.238s] INFO:colcon.colcon_core.shell:Creating package script '/home/tsung/arm_ws/src/mh2_description/install/mh2_description/share/mh2_description/package.zsh'
[0.238s] Level 1:colcon.colcon_core.environment:create_file_with_runtime_dependencies(/home/tsung/arm_ws/src/mh2_description/install/mh2_description/share/colcon-core/packages/mh2_description)
[0.238s] DEBUG:colcon.colcon_parallel_executor.executor.parallel:closing loop
[0.238s] DEBUG:colcon.colcon_parallel_executor.executor.parallel:loop closed
[0.238s] DEBUG:colcon.colcon_parallel_executor.executor.parallel:run_until_complete finished with '0'
[0.238s] DEBUG:colcon.colcon_core.event_reactor:joining thread
[0.241s] INFO:colcon.colcon_core.plugin_system:Skipping extension 'colcon_notification.desktop_notification.terminal_notifier': Not used on non-Darwin systems
[0.241s] INFO:colcon.colcon_core.plugin_system:Skipping extension 'colcon_notification.desktop_notification.win32': Not used on non-Windows systems
[0.241s] INFO:colcon.colcon_notification.desktop_notification:Sending desktop notification using 'notify2'
[0.250s] DEBUG:colcon.colcon_core.event_reactor:joined thread
[0.251s] INFO:colcon.colcon_core.shell:Creating prefix script '/home/tsung/arm_ws/src/mh2_description/install/local_setup.ps1'
[0.251s] INFO:colcon.colcon_core.shell:Creating prefix util module '/home/tsung/arm_ws/src/mh2_description/install/_local_setup_util_ps1.py'
[0.252s] INFO:colcon.colcon_core.shell:Creating prefix chain script '/home/tsung/arm_ws/src/mh2_description/install/setup.ps1'
[0.253s] INFO:colcon.colcon_core.shell:Creating prefix script '/home/tsung/arm_ws/src/mh2_description/install/local_setup.sh'
[0.254s] INFO:colcon.colcon_core.shell:Creating prefix util module '/home/tsung/arm_ws/src/mh2_description/install/_local_setup_util_sh.py'
[0.254s] INFO:colcon.colcon_core.shell:Creating prefix chain script '/home/tsung/arm_ws/src/mh2_description/install/setup.sh'
[0.255s] INFO:colcon.colcon_core.shell:Creating prefix script '/home/tsung/arm_ws/src/mh2_description/install/local_setup.bash'
[0.255s] INFO:colcon.colcon_core.shell:Creating prefix chain script '/home/tsung/arm_ws/src/mh2_description/install/setup.bash'
[0.256s] INFO:colcon.colcon_core.shell:Creating prefix script '/home/tsung/arm_ws/src/mh2_description/install/local_setup.zsh'
[0.256s] INFO:colcon.colcon_core.shell:Creating prefix chain script '/home/tsung/arm_ws/src/mh2_description/install/setup.zsh'
