[0.079s] DEBUG:colcon:Command line arguments: ['/usr/bin/colcon', 'build']
[0.079s] DEBUG:colcon:Parsed command line arguments: Namespace(log_base=None, log_level=None, verb_name='build', build_base='build', install_base='install', merge_install=False, symlink_install=False, test_result_base=None, continue_on_error=False, executor='parallel', parallel_workers=20, event_handlers=None, ignore_user_meta=False, metas=['./colcon.meta'], base_paths=['.'], packages_ignore=None, packages_ignore_regex=None, paths=None, packages_up_to=None, packages_up_to_regex=None, packages_above=None, packages_above_and_dependencies=None, packages_above_depth=None, packages_select_by_dep=None, packages_skip_by_dep=None, packages_skip_up_to=None, packages_select_build_failed=False, packages_skip_build_finished=False, packages_select_test_failures=False, packages_skip_test_passed=False, packages_select=None, packages_skip=None, packages_select_regex=None, packages_skip_regex=None, packages_start=None, packages_end=None, allow_overriding=[], cmake_args=None, cmake_target=None, cmake_target_skip_unavailable=False, cmake_clean_cache=False, cmake_clean_first=False, cmake_force_configure=False, ament_cmake_args=None, catkin_cmake_args=None, catkin_skip_building_tests=False, verb_parser=<colcon_defaults.argument_parser.defaults.DefaultArgumentsDecorator object at 0x767d87c53470>, verb_extension=<colcon_core.verb.build.BuildVerb object at 0x767d87de3dd0>, main=<bound method BuildVerb.main of <colcon_core.verb.build.BuildVerb object at 0x767d87de3dd0>>)
[0.105s] Level 1:colcon.colcon_core.package_discovery:discover_packages(colcon_meta) check parameters
[0.105s] Level 1:colcon.colcon_core.package_discovery:discover_packages(recursive) check parameters
[0.105s] Level 1:colcon.colcon_core.package_discovery:discover_packages(ignore) check parameters
[0.105s] Level 1:colcon.colcon_core.package_discovery:discover_packages(path) check parameters
[0.105s] Level 1:colcon.colcon_core.package_discovery:discover_packages(colcon_meta) discover
[0.105s] Level 1:colcon.colcon_core.package_discovery:discover_packages(recursive) discover
[0.105s] INFO:colcon.colcon_core.package_discovery:Crawling recursively for packages in '/home/tsung/arm_ws/src/mh2_moveit_config'
[0.105s] Level 1:colcon.colcon_core.package_identification:_identify(.) by extensions ['ignore', 'ignore_ament_install']
[0.105s] Level 1:colcon.colcon_core.package_identification:_identify(.) by extension 'ignore'
[0.105s] Level 1:colcon.colcon_core.package_identification:_identify(.) by extension 'ignore_ament_install'
[0.105s] Level 1:colcon.colcon_core.package_identification:_identify(.) by extensions ['colcon_pkg']
[0.105s] Level 1:colcon.colcon_core.package_identification:_identify(.) by extension 'colcon_pkg'
[0.105s] Level 1:colcon.colcon_core.package_identification:_identify(.) by extensions ['colcon_meta']
[0.106s] Level 1:colcon.colcon_core.package_identification:_identify(.) by extension 'colcon_meta'
[0.106s] Level 1:colcon.colcon_core.package_identification:_identify(.) by extensions ['ros']
[0.106s] Level 1:colcon.colcon_core.package_identification:_identify(.) by extension 'ros'
[0.122s] DEBUG:colcon.colcon_core.package_identification:Package '.' with type 'ros.ament_cmake' and name 'mh2_moveit_config'
[0.122s] Level 1:colcon.colcon_core.package_discovery:discover_packages(recursive) using defaults
[0.122s] Level 1:colcon.colcon_core.package_discovery:discover_packages(ignore) discover
[0.122s] Level 1:colcon.colcon_core.package_discovery:discover_packages(ignore) using defaults
[0.122s] Level 1:colcon.colcon_core.package_discovery:discover_packages(path) discover
[0.122s] Level 1:colcon.colcon_core.package_discovery:discover_packages(path) using defaults
[0.133s] Level 1:colcon.colcon_core.package_discovery:discover_packages(prefix_path) check parameters
[0.133s] Level 1:colcon.colcon_core.package_discovery:discover_packages(prefix_path) discover
[0.135s] DEBUG:colcon.colcon_installed_package_information.package_discovery:Found 1 installed packages in /home/tsung/arm_ws/install
[0.136s] DEBUG:colcon.colcon_installed_package_information.package_discovery:Found 512 installed packages in /opt/ros/jazzy
[0.137s] Level 1:colcon.colcon_core.package_discovery:discover_packages(prefix_path) using defaults
[0.163s] Level 5:colcon.colcon_core.verb:set package 'mh2_moveit_config' build argument 'cmake_args' from command line to 'None'
[0.163s] Level 5:colcon.colcon_core.verb:set package 'mh2_moveit_config' build argument 'cmake_target' from command line to 'None'
[0.163s] Level 5:colcon.colcon_core.verb:set package 'mh2_moveit_config' build argument 'cmake_target_skip_unavailable' from command line to 'False'
[0.163s] Level 5:colcon.colcon_core.verb:set package 'mh2_moveit_config' build argument 'cmake_clean_cache' from command line to 'False'
[0.163s] Level 5:colcon.colcon_core.verb:set package 'mh2_moveit_config' build argument 'cmake_clean_first' from command line to 'False'
[0.163s] Level 5:colcon.colcon_core.verb:set package 'mh2_moveit_config' build argument 'cmake_force_configure' from command line to 'False'
[0.163s] Level 5:colcon.colcon_core.verb:set package 'mh2_moveit_config' build argument 'ament_cmake_args' from command line to 'None'
[0.163s] Level 5:colcon.colcon_core.verb:set package 'mh2_moveit_config' build argument 'catkin_cmake_args' from command line to 'None'
[0.163s] Level 5:colcon.colcon_core.verb:set package 'mh2_moveit_config' build argument 'catkin_skip_building_tests' from command line to 'False'
[0.163s] DEBUG:colcon.colcon_core.verb:Building package 'mh2_moveit_config' with the following arguments: {'ament_cmake_args': None, 'build_base': '/home/tsung/arm_ws/src/mh2_moveit_config/build/mh2_moveit_config', 'catkin_cmake_args': None, 'catkin_skip_building_tests': False, 'cmake_args': None, 'cmake_clean_cache': False, 'cmake_clean_first': False, 'cmake_force_configure': False, 'cmake_target': None, 'cmake_target_skip_unavailable': False, 'install_base': '/home/tsung/arm_ws/src/mh2_moveit_config/install/mh2_moveit_config', 'merge_install': False, 'path': '/home/tsung/arm_ws/src/mh2_moveit_config', 'symlink_install': False, 'test_result_base': None}
[0.163s] INFO:colcon.colcon_core.executor:Executing jobs using 'parallel' executor
[0.163s] DEBUG:colcon.colcon_parallel_executor.executor.parallel:run_until_complete
[0.164s] INFO:colcon.colcon_ros.task.ament_cmake.build:Building ROS package in '/home/tsung/arm_ws/src/mh2_moveit_config' with build type 'ament_cmake'
[0.164s] INFO:colcon.colcon_cmake.task.cmake.build:Building CMake package in '/home/tsung/arm_ws/src/mh2_moveit_config'
[0.166s] INFO:colcon.colcon_core.plugin_system:Skipping extension 'colcon_core.shell.bat': Not used on non-Windows systems
[0.166s] INFO:colcon.colcon_core.shell:Skip shell extension 'powershell' for command environment: Not usable outside of PowerShell
[0.166s] DEBUG:colcon.colcon_core.shell:Skip shell extension 'dsv' for command environment
[0.171s] DEBUG:colcon.colcon_core.event_handler.log_command:Invoking command in '/home/tsung/arm_ws/src/mh2_moveit_config/build/mh2_moveit_config': CMAKE_PREFIX_PATH=${CMAKE_PREFIX_PATH}:/opt/ros/jazzy DEBUGINFOD_URLS=https://debuginfod.ubuntu.com /usr/bin/cmake /home/tsung/arm_ws/src/mh2_moveit_config -DCMAKE_INSTALL_PREFIX=/home/tsung/arm_ws/src/mh2_moveit_config/install/mh2_moveit_config
[1.057s] DEBUG:colcon.colcon_core.event_handler.log_command:Invoked command in '/home/tsung/arm_ws/src/mh2_moveit_config/build/mh2_moveit_config' returned '0': CMAKE_PREFIX_PATH=${CMAKE_PREFIX_PATH}:/opt/ros/jazzy DEBUGINFOD_URLS=https://debuginfod.ubuntu.com /usr/bin/cmake /home/tsung/arm_ws/src/mh2_moveit_config -DCMAKE_INSTALL_PREFIX=/home/tsung/arm_ws/src/mh2_moveit_config/install/mh2_moveit_config
[1.058s] DEBUG:colcon.colcon_core.event_handler.log_command:Invoking command in '/home/tsung/arm_ws/src/mh2_moveit_config/build/mh2_moveit_config': CMAKE_PREFIX_PATH=${CMAKE_PREFIX_PATH}:/opt/ros/jazzy DEBUGINFOD_URLS=https://debuginfod.ubuntu.com /usr/bin/cmake --build /home/tsung/arm_ws/src/mh2_moveit_config/build/mh2_moveit_config -- -j20 -l20
[1.088s] DEBUG:colcon.colcon_core.event_handler.log_command:Invoked command in '/home/tsung/arm_ws/src/mh2_moveit_config/build/mh2_moveit_config' returned '0': CMAKE_PREFIX_PATH=${CMAKE_PREFIX_PATH}:/opt/ros/jazzy DEBUGINFOD_URLS=https://debuginfod.ubuntu.com /usr/bin/cmake --build /home/tsung/arm_ws/src/mh2_moveit_config/build/mh2_moveit_config -- -j20 -l20
[1.094s] DEBUG:colcon.colcon_core.event_handler.log_command:Invoking command in '/home/tsung/arm_ws/src/mh2_moveit_config/build/mh2_moveit_config': CMAKE_PREFIX_PATH=${CMAKE_PREFIX_PATH}:/opt/ros/jazzy DEBUGINFOD_URLS=https://debuginfod.ubuntu.com /usr/bin/cmake --install /home/tsung/arm_ws/src/mh2_moveit_config/build/mh2_moveit_config
[1.112s] Level 1:colcon.colcon_core.environment:create_environment_scripts_only(mh2_moveit_config)
[1.112s] DEBUG:colcon.colcon_core.event_handler.log_command:Invoked command in '/home/tsung/arm_ws/src/mh2_moveit_config/build/mh2_moveit_config' returned '0': CMAKE_PREFIX_PATH=${CMAKE_PREFIX_PATH}:/opt/ros/jazzy DEBUGINFOD_URLS=https://debuginfod.ubuntu.com /usr/bin/cmake --install /home/tsung/arm_ws/src/mh2_moveit_config/build/mh2_moveit_config
[1.117s] Level 1:colcon.colcon_core.environment:checking '/home/tsung/arm_ws/src/mh2_moveit_config/install/mh2_moveit_config' for CMake module files
[1.117s] Level 1:colcon.colcon_core.environment:checking '/home/tsung/arm_ws/src/mh2_moveit_config/install/mh2_moveit_config' for CMake config files
[1.118s] Level 1:colcon.colcon_core.shell:create_environment_hook('mh2_moveit_config', 'cmake_prefix_path')
[1.118s] INFO:colcon.colcon_core.shell:Creating environment hook '/home/tsung/arm_ws/src/mh2_moveit_config/install/mh2_moveit_config/share/mh2_moveit_config/hook/cmake_prefix_path.ps1'
[1.119s] INFO:colcon.colcon_core.shell:Creating environment descriptor '/home/tsung/arm_ws/src/mh2_moveit_config/install/mh2_moveit_config/share/mh2_moveit_config/hook/cmake_prefix_path.dsv'
[1.120s] INFO:colcon.colcon_core.shell:Creating environment hook '/home/tsung/arm_ws/src/mh2_moveit_config/install/mh2_moveit_config/share/mh2_moveit_config/hook/cmake_prefix_path.sh'
[1.121s] Level 1:colcon.colcon_core.environment:checking '/home/tsung/arm_ws/src/mh2_moveit_config/install/mh2_moveit_config/bin'
[1.121s] Level 1:colcon.colcon_core.environment:checking '/home/tsung/arm_ws/src/mh2_moveit_config/install/mh2_moveit_config/lib/pkgconfig/mh2_moveit_config.pc'
[1.122s] Level 1:colcon.colcon_core.environment:checking '/home/tsung/arm_ws/src/mh2_moveit_config/install/mh2_moveit_config/lib/python3.12/site-packages'
[1.123s] Level 1:colcon.colcon_core.environment:checking '/home/tsung/arm_ws/src/mh2_moveit_config/install/mh2_moveit_config/bin'
[1.123s] INFO:colcon.colcon_core.shell:Creating package script '/home/tsung/arm_ws/src/mh2_moveit_config/install/mh2_moveit_config/share/mh2_moveit_config/package.ps1'
[1.125s] INFO:colcon.colcon_core.shell:Creating package descriptor '/home/tsung/arm_ws/src/mh2_moveit_config/install/mh2_moveit_config/share/mh2_moveit_config/package.dsv'
[1.126s] INFO:colcon.colcon_core.shell:Creating package script '/home/tsung/arm_ws/src/mh2_moveit_config/install/mh2_moveit_config/share/mh2_moveit_config/package.sh'
[1.127s] INFO:colcon.colcon_core.shell:Creating package script '/home/tsung/arm_ws/src/mh2_moveit_config/install/mh2_moveit_config/share/mh2_moveit_config/package.bash'
[1.128s] INFO:colcon.colcon_core.shell:Creating package script '/home/tsung/arm_ws/src/mh2_moveit_config/install/mh2_moveit_config/share/mh2_moveit_config/package.zsh'
[1.128s] Level 1:colcon.colcon_core.environment:create_file_with_runtime_dependencies(/home/tsung/arm_ws/src/mh2_moveit_config/install/mh2_moveit_config/share/colcon-core/packages/mh2_moveit_config)
[1.129s] Level 1:colcon.colcon_core.environment:create_environment_scripts_only(mh2_moveit_config)
[1.129s] Level 1:colcon.colcon_core.environment:checking '/home/tsung/arm_ws/src/mh2_moveit_config/install/mh2_moveit_config' for CMake module files
[1.130s] Level 1:colcon.colcon_core.environment:checking '/home/tsung/arm_ws/src/mh2_moveit_config/install/mh2_moveit_config' for CMake config files
[1.130s] Level 1:colcon.colcon_core.shell:create_environment_hook('mh2_moveit_config', 'cmake_prefix_path')
[1.130s] INFO:colcon.colcon_core.shell:Creating environment hook '/home/tsung/arm_ws/src/mh2_moveit_config/install/mh2_moveit_config/share/mh2_moveit_config/hook/cmake_prefix_path.ps1'
[1.131s] INFO:colcon.colcon_core.shell:Creating environment descriptor '/home/tsung/arm_ws/src/mh2_moveit_config/install/mh2_moveit_config/share/mh2_moveit_config/hook/cmake_prefix_path.dsv'
[1.131s] INFO:colcon.colcon_core.shell:Creating environment hook '/home/tsung/arm_ws/src/mh2_moveit_config/install/mh2_moveit_config/share/mh2_moveit_config/hook/cmake_prefix_path.sh'
[1.131s] Level 1:colcon.colcon_core.environment:checking '/home/tsung/arm_ws/src/mh2_moveit_config/install/mh2_moveit_config/bin'
[1.131s] Level 1:colcon.colcon_core.environment:checking '/home/tsung/arm_ws/src/mh2_moveit_config/install/mh2_moveit_config/lib/pkgconfig/mh2_moveit_config.pc'
[1.132s] Level 1:colcon.colcon_core.environment:checking '/home/tsung/arm_ws/src/mh2_moveit_config/install/mh2_moveit_config/lib/python3.12/site-packages'
[1.132s] Level 1:colcon.colcon_core.environment:checking '/home/tsung/arm_ws/src/mh2_moveit_config/install/mh2_moveit_config/bin'
[1.132s] INFO:colcon.colcon_core.shell:Creating package script '/home/tsung/arm_ws/src/mh2_moveit_config/install/mh2_moveit_config/share/mh2_moveit_config/package.ps1'
[1.133s] INFO:colcon.colcon_core.shell:Creating package descriptor '/home/tsung/arm_ws/src/mh2_moveit_config/install/mh2_moveit_config/share/mh2_moveit_config/package.dsv'
[1.133s] INFO:colcon.colcon_core.shell:Creating package script '/home/tsung/arm_ws/src/mh2_moveit_config/install/mh2_moveit_config/share/mh2_moveit_config/package.sh'
[1.133s] INFO:colcon.colcon_core.shell:Creating package script '/home/tsung/arm_ws/src/mh2_moveit_config/install/mh2_moveit_config/share/mh2_moveit_config/package.bash'
[1.133s] INFO:colcon.colcon_core.shell:Creating package script '/home/tsung/arm_ws/src/mh2_moveit_config/install/mh2_moveit_config/share/mh2_moveit_config/package.zsh'
[1.134s] Level 1:colcon.colcon_core.environment:create_file_with_runtime_dependencies(/home/tsung/arm_ws/src/mh2_moveit_config/install/mh2_moveit_config/share/colcon-core/packages/mh2_moveit_config)
[1.134s] DEBUG:colcon.colcon_parallel_executor.executor.parallel:closing loop
[1.134s] DEBUG:colcon.colcon_parallel_executor.executor.parallel:loop closed
[1.134s] DEBUG:colcon.colcon_parallel_executor.executor.parallel:run_until_complete finished with '0'
[1.134s] DEBUG:colcon.colcon_core.event_reactor:joining thread
[1.148s] INFO:colcon.colcon_core.plugin_system:Skipping extension 'colcon_notification.desktop_notification.terminal_notifier': Not used on non-Darwin systems
[1.148s] INFO:colcon.colcon_core.plugin_system:Skipping extension 'colcon_notification.desktop_notification.win32': Not used on non-Windows systems
[1.148s] INFO:colcon.colcon_notification.desktop_notification:Sending desktop notification using 'notify2'
[1.163s] DEBUG:colcon.colcon_core.event_reactor:joined thread
[1.163s] INFO:colcon.colcon_core.shell:Creating prefix script '/home/tsung/arm_ws/src/mh2_moveit_config/install/local_setup.ps1'
[1.163s] INFO:colcon.colcon_core.shell:Creating prefix util module '/home/tsung/arm_ws/src/mh2_moveit_config/install/_local_setup_util_ps1.py'
[1.164s] INFO:colcon.colcon_core.shell:Creating prefix chain script '/home/tsung/arm_ws/src/mh2_moveit_config/install/setup.ps1'
[1.164s] INFO:colcon.colcon_core.shell:Creating prefix script '/home/tsung/arm_ws/src/mh2_moveit_config/install/local_setup.sh'
[1.165s] INFO:colcon.colcon_core.shell:Creating prefix util module '/home/tsung/arm_ws/src/mh2_moveit_config/install/_local_setup_util_sh.py'
[1.165s] INFO:colcon.colcon_core.shell:Creating prefix chain script '/home/tsung/arm_ws/src/mh2_moveit_config/install/setup.sh'
[1.165s] INFO:colcon.colcon_core.shell:Creating prefix script '/home/tsung/arm_ws/src/mh2_moveit_config/install/local_setup.bash'
[1.166s] INFO:colcon.colcon_core.shell:Creating prefix chain script '/home/tsung/arm_ws/src/mh2_moveit_config/install/setup.bash'
[1.166s] INFO:colcon.colcon_core.shell:Creating prefix script '/home/tsung/arm_ws/src/mh2_moveit_config/install/local_setup.zsh'
[1.166s] INFO:colcon.colcon_core.shell:Creating prefix chain script '/home/tsung/arm_ws/src/mh2_moveit_config/install/setup.zsh'
