[36mInstall the project...[0m
-- Install configuration: ""
-- Up-to-date: /home/tsung/arm_ws/src/mh2_description/install/mh2_description/share/ament_index/resource_index/package_run_dependencies/mh2_description
-- Up-to-date: /home/tsung/arm_ws/src/mh2_description/install/mh2_description/share/ament_index/resource_index/parent_prefix_path/mh2_description
-- Up-to-date: /home/tsung/arm_ws/src/mh2_description/install/mh2_description/share/mh2_description/environment/ament_prefix_path.sh
-- Up-to-date: /home/tsung/arm_ws/src/mh2_description/install/mh2_description/share/mh2_description/environment/ament_prefix_path.dsv
-- Up-to-date: /home/tsung/arm_ws/src/mh2_description/install/mh2_description/share/mh2_description/environment/path.sh
-- Up-to-date: /home/tsung/arm_ws/src/mh2_description/install/mh2_description/share/mh2_description/environment/path.dsv
-- Up-to-date: /home/tsung/arm_ws/src/mh2_description/install/mh2_description/share/mh2_description/local_setup.bash
-- Up-to-date: /home/tsung/arm_ws/src/mh2_description/install/mh2_description/share/mh2_description/local_setup.sh
-- Up-to-date: /home/tsung/arm_ws/src/mh2_description/install/mh2_description/share/mh2_description/local_setup.zsh
-- Up-to-date: /home/tsung/arm_ws/src/mh2_description/install/mh2_description/share/mh2_description/local_setup.dsv
-- Installing: /home/tsung/arm_ws/src/mh2_description/install/mh2_description/share/mh2_description/package.dsv
-- Up-to-date: /home/tsung/arm_ws/src/mh2_description/install/mh2_description/share/ament_index/resource_index/packages/mh2_description
-- Up-to-date: /home/tsung/arm_ws/src/mh2_description/install/mh2_description/share/mh2_description/cmake/mh2_descriptionConfig.cmake
-- Up-to-date: /home/tsung/arm_ws/src/mh2_description/install/mh2_description/share/mh2_description/cmake/mh2_descriptionConfig-version.cmake
-- Up-to-date: /home/tsung/arm_ws/src/mh2_description/install/mh2_description/share/mh2_description/package.xml
-- Up-to-date: /home/tsung/arm_ws/src/mh2_description/install/mh2_description/share/mh2_description/launch
-- Up-to-date: /home/tsung/arm_ws/src/mh2_description/install/mh2_description/share/mh2_description/launch/view.launch.py
-- Up-to-date: /home/tsung/arm_ws/src/mh2_description/install/mh2_description/share/mh2_description/meshes
-- Up-to-date: /home/tsung/arm_ws/src/mh2_description/install/mh2_description/share/mh2_description/meshes/link_la1.STL
-- Up-to-date: /home/tsung/arm_ws/src/mh2_description/install/mh2_description/share/mh2_description/meshes/body_link.STL
-- Up-to-date: /home/tsung/arm_ws/src/mh2_description/install/mh2_description/share/mh2_description/meshes/link_ra6.STL
-- Up-to-date: /home/tsung/arm_ws/src/mh2_description/install/mh2_description/share/mh2_description/meshes/link_ra2.STL
-- Up-to-date: /home/tsung/arm_ws/src/mh2_description/install/mh2_description/share/mh2_description/meshes/link_la6.STL
-- Up-to-date: /home/tsung/arm_ws/src/mh2_description/install/mh2_description/share/mh2_description/meshes/link_ra7.STL
-- Up-to-date: /home/tsung/arm_ws/src/mh2_description/install/mh2_description/share/mh2_description/meshes/link_lf1.STL
-- Up-to-date: /home/tsung/arm_ws/src/mh2_description/install/mh2_description/share/mh2_description/meshes/link_la4.STL
-- Up-to-date: /home/tsung/arm_ws/src/mh2_description/install/mh2_description/share/mh2_description/meshes/link_rf0.STL
-- Up-to-date: /home/tsung/arm_ws/src/mh2_description/install/mh2_description/share/mh2_description/meshes/link_ra5.STL
-- Up-to-date: /home/tsung/arm_ws/src/mh2_description/install/mh2_description/share/mh2_description/meshes/link_head0.STL
-- Up-to-date: /home/tsung/arm_ws/src/mh2_description/install/mh2_description/share/mh2_description/meshes/link_ra3.STL
-- Up-to-date: /home/tsung/arm_ws/src/mh2_description/install/mh2_description/share/mh2_description/meshes/link_ra1.STL
-- Up-to-date: /home/tsung/arm_ws/src/mh2_description/install/mh2_description/share/mh2_description/meshes/right_wheel.STL
-- Up-to-date: /home/tsung/arm_ws/src/mh2_description/install/mh2_description/share/mh2_description/meshes/link_la5.STL
-- Up-to-date: /home/tsung/arm_ws/src/mh2_description/install/mh2_description/share/mh2_description/meshes/link_rf1.STL
-- Up-to-date: /home/tsung/arm_ws/src/mh2_description/install/mh2_description/share/mh2_description/meshes/link_head1.STL
-- Up-to-date: /home/tsung/arm_ws/src/mh2_description/install/mh2_description/share/mh2_description/meshes/link_camera1.STL
-- Up-to-date: /home/tsung/arm_ws/src/mh2_description/install/mh2_description/share/mh2_description/meshes/base_link.STL
-- Up-to-date: /home/tsung/arm_ws/src/mh2_description/install/mh2_description/share/mh2_description/meshes/link_lf0.STL
-- Up-to-date: /home/tsung/arm_ws/src/mh2_description/install/mh2_description/share/mh2_description/meshes/link_la0.STL
-- Up-to-date: /home/tsung/arm_ws/src/mh2_description/install/mh2_description/share/mh2_description/meshes/left_wheel.STL
-- Up-to-date: /home/tsung/arm_ws/src/mh2_description/install/mh2_description/share/mh2_description/meshes/link_la3.STL
-- Up-to-date: /home/tsung/arm_ws/src/mh2_description/install/mh2_description/share/mh2_description/meshes/link_la2.STL
-- Up-to-date: /home/tsung/arm_ws/src/mh2_description/install/mh2_description/share/mh2_description/meshes/link_la7.STL
-- Up-to-date: /home/tsung/arm_ws/src/mh2_description/install/mh2_description/share/mh2_description/meshes/link_camera0.STL
-- Up-to-date: /home/tsung/arm_ws/src/mh2_description/install/mh2_description/share/mh2_description/meshes/link_ra4.STL
-- Up-to-date: /home/tsung/arm_ws/src/mh2_description/install/mh2_description/share/mh2_description/meshes/link_ra0.STL
-- Up-to-date: /home/tsung/arm_ws/src/mh2_description/install/mh2_description/share/mh2_description/urdf
-- Up-to-date: /home/tsung/arm_ws/src/mh2_description/install/mh2_description/share/mh2_description/urdf/mh2.urdf
-- Up-to-date: /home/tsung/arm_ws/src/mh2_description/install/mh2_description/share/mh2_description/rviz
-- Up-to-date: /home/tsung/arm_ws/src/mh2_description/install/mh2_description/share/mh2_description/rviz/view.rviz
