[0.006s] Invoking command in '/home/tsung/mh2_robot_ws/src/build/mh2_moveit_config': AMENT_PREFIX_PATH=/home/tsung/mh2_robot_ws/src/install/mh2_description:${AMENT_PREFIX_PATH} CMAKE_PREFIX_PATH=/home/tsung/mh2_robot_ws/src/install/mh2_description:/home/tsung/arm_ws/src/mh2_moveit_config/install/mh2_moveit_config:/opt/ros/jazzy/opt/gz_sim_vendor:/opt/ros/jazzy/opt/gz_sensors_vendor:/opt/ros/jazzy/opt/gz_physics_vendor:/opt/ros/jazzy/opt/sdformat_vendor:/opt/ros/jazzy/opt/gz_gui_vendor:/opt/ros/jazzy/opt/gz_transport_vendor:/opt/ros/jazzy/opt/gz_rendering_vendor:/opt/ros/jazzy/opt/gz_plugin_vendor:/opt/ros/jazzy/opt/gz_fuel_tools_vendor:/opt/ros/jazzy/opt/gz_msgs_vendor:/opt/ros/jazzy/opt/gz_common_vendor:/opt/ros/jazzy/opt/gz_math_vendor:/opt/ros/jazzy/opt/gz_utils_vendor:/opt/ros/jazzy/opt/gz_tools_vendor:/opt/ros/jazzy/opt/gz_ogre_next_vendor:/opt/ros/jazzy/opt/gz_dartsim_vendor:/opt/ros/jazzy/opt/gz_cmake_vendor:/opt/ros/jazzy DEBUGINFOD_URLS=https://debuginfod.ubuntu.com /usr/bin/cmake /home/tsung/mh2_robot_ws/src/mh2_moveit_config -DCMAKE_INSTALL_PREFIX=/home/tsung/mh2_robot_ws/src/install/mh2_moveit_config
[0.051s] -- The C compiler identification is GNU 13.3.0
[0.093s] -- The CXX compiler identification is GNU 13.3.0
[0.106s] -- Detecting C compiler ABI info
[0.194s] -- Detecting C compiler ABI info - done
[0.201s] -- Check for working C compiler: /usr/bin/cc - skipped
[0.201s] -- Detecting C compile features
[0.202s] -- Detecting C compile features - done
[0.210s] -- Detecting CXX compiler ABI info
[0.321s] -- Detecting CXX compiler ABI info - done
[0.326s] -- Check for working CXX compiler: /usr/bin/c++ - skipped
[0.326s] -- Detecting CXX compile features
[0.326s] -- Detecting CXX compile features - done
[0.328s] -- Found ament_cmake: 2.5.6 (/opt/ros/jazzy/share/ament_cmake/cmake)
[0.427s] -- Found Python3: /usr/bin/python3 (found version "3.12.3") found components: Interpreter 
[0.550s] -- Configuring done (0.5s)
[0.552s] -- Generating done (0.0s)
[0.552s] -- Build files have been written to: /home/tsung/mh2_robot_ws/src/build/mh2_moveit_config
[0.555s] Invoked command in '/home/tsung/mh2_robot_ws/src/build/mh2_moveit_config' returned '0': AMENT_PREFIX_PATH=/home/tsung/mh2_robot_ws/src/install/mh2_description:${AMENT_PREFIX_PATH} CMAKE_PREFIX_PATH=/home/tsung/mh2_robot_ws/src/install/mh2_description:/home/tsung/arm_ws/src/mh2_moveit_config/install/mh2_moveit_config:/opt/ros/jazzy/opt/gz_sim_vendor:/opt/ros/jazzy/opt/gz_sensors_vendor:/opt/ros/jazzy/opt/gz_physics_vendor:/opt/ros/jazzy/opt/sdformat_vendor:/opt/ros/jazzy/opt/gz_gui_vendor:/opt/ros/jazzy/opt/gz_transport_vendor:/opt/ros/jazzy/opt/gz_rendering_vendor:/opt/ros/jazzy/opt/gz_plugin_vendor:/opt/ros/jazzy/opt/gz_fuel_tools_vendor:/opt/ros/jazzy/opt/gz_msgs_vendor:/opt/ros/jazzy/opt/gz_common_vendor:/opt/ros/jazzy/opt/gz_math_vendor:/opt/ros/jazzy/opt/gz_utils_vendor:/opt/ros/jazzy/opt/gz_tools_vendor:/opt/ros/jazzy/opt/gz_ogre_next_vendor:/opt/ros/jazzy/opt/gz_dartsim_vendor:/opt/ros/jazzy/opt/gz_cmake_vendor:/opt/ros/jazzy DEBUGINFOD_URLS=https://debuginfod.ubuntu.com /usr/bin/cmake /home/tsung/mh2_robot_ws/src/mh2_moveit_config -DCMAKE_INSTALL_PREFIX=/home/tsung/mh2_robot_ws/src/install/mh2_moveit_config
[0.556s] Invoking command in '/home/tsung/mh2_robot_ws/src/build/mh2_moveit_config': AMENT_PREFIX_PATH=/home/tsung/mh2_robot_ws/src/install/mh2_description:${AMENT_PREFIX_PATH} CMAKE_PREFIX_PATH=/home/tsung/mh2_robot_ws/src/install/mh2_description:/home/tsung/arm_ws/src/mh2_moveit_config/install/mh2_moveit_config:/opt/ros/jazzy/opt/gz_sim_vendor:/opt/ros/jazzy/opt/gz_sensors_vendor:/opt/ros/jazzy/opt/gz_physics_vendor:/opt/ros/jazzy/opt/sdformat_vendor:/opt/ros/jazzy/opt/gz_gui_vendor:/opt/ros/jazzy/opt/gz_transport_vendor:/opt/ros/jazzy/opt/gz_rendering_vendor:/opt/ros/jazzy/opt/gz_plugin_vendor:/opt/ros/jazzy/opt/gz_fuel_tools_vendor:/opt/ros/jazzy/opt/gz_msgs_vendor:/opt/ros/jazzy/opt/gz_common_vendor:/opt/ros/jazzy/opt/gz_math_vendor:/opt/ros/jazzy/opt/gz_utils_vendor:/opt/ros/jazzy/opt/gz_tools_vendor:/opt/ros/jazzy/opt/gz_ogre_next_vendor:/opt/ros/jazzy/opt/gz_dartsim_vendor:/opt/ros/jazzy/opt/gz_cmake_vendor:/opt/ros/jazzy DEBUGINFOD_URLS=https://debuginfod.ubuntu.com /usr/bin/cmake --build /home/tsung/mh2_robot_ws/src/build/mh2_moveit_config -- -j20 -l20
[0.585s] Invoked command in '/home/tsung/mh2_robot_ws/src/build/mh2_moveit_config' returned '0': AMENT_PREFIX_PATH=/home/tsung/mh2_robot_ws/src/install/mh2_description:${AMENT_PREFIX_PATH} CMAKE_PREFIX_PATH=/home/tsung/mh2_robot_ws/src/install/mh2_description:/home/tsung/arm_ws/src/mh2_moveit_config/install/mh2_moveit_config:/opt/ros/jazzy/opt/gz_sim_vendor:/opt/ros/jazzy/opt/gz_sensors_vendor:/opt/ros/jazzy/opt/gz_physics_vendor:/opt/ros/jazzy/opt/sdformat_vendor:/opt/ros/jazzy/opt/gz_gui_vendor:/opt/ros/jazzy/opt/gz_transport_vendor:/opt/ros/jazzy/opt/gz_rendering_vendor:/opt/ros/jazzy/opt/gz_plugin_vendor:/opt/ros/jazzy/opt/gz_fuel_tools_vendor:/opt/ros/jazzy/opt/gz_msgs_vendor:/opt/ros/jazzy/opt/gz_common_vendor:/opt/ros/jazzy/opt/gz_math_vendor:/opt/ros/jazzy/opt/gz_utils_vendor:/opt/ros/jazzy/opt/gz_tools_vendor:/opt/ros/jazzy/opt/gz_ogre_next_vendor:/opt/ros/jazzy/opt/gz_dartsim_vendor:/opt/ros/jazzy/opt/gz_cmake_vendor:/opt/ros/jazzy DEBUGINFOD_URLS=https://debuginfod.ubuntu.com /usr/bin/cmake --build /home/tsung/mh2_robot_ws/src/build/mh2_moveit_config -- -j20 -l20
[0.585s] Invoking command in '/home/tsung/mh2_robot_ws/src/build/mh2_moveit_config': AMENT_PREFIX_PATH=/home/tsung/mh2_robot_ws/src/install/mh2_description:${AMENT_PREFIX_PATH} CMAKE_PREFIX_PATH=/home/tsung/mh2_robot_ws/src/install/mh2_description:/home/tsung/arm_ws/src/mh2_moveit_config/install/mh2_moveit_config:/opt/ros/jazzy/opt/gz_sim_vendor:/opt/ros/jazzy/opt/gz_sensors_vendor:/opt/ros/jazzy/opt/gz_physics_vendor:/opt/ros/jazzy/opt/sdformat_vendor:/opt/ros/jazzy/opt/gz_gui_vendor:/opt/ros/jazzy/opt/gz_transport_vendor:/opt/ros/jazzy/opt/gz_rendering_vendor:/opt/ros/jazzy/opt/gz_plugin_vendor:/opt/ros/jazzy/opt/gz_fuel_tools_vendor:/opt/ros/jazzy/opt/gz_msgs_vendor:/opt/ros/jazzy/opt/gz_common_vendor:/opt/ros/jazzy/opt/gz_math_vendor:/opt/ros/jazzy/opt/gz_utils_vendor:/opt/ros/jazzy/opt/gz_tools_vendor:/opt/ros/jazzy/opt/gz_ogre_next_vendor:/opt/ros/jazzy/opt/gz_dartsim_vendor:/opt/ros/jazzy/opt/gz_cmake_vendor:/opt/ros/jazzy DEBUGINFOD_URLS=https://debuginfod.ubuntu.com /usr/bin/cmake --install /home/tsung/mh2_robot_ws/src/build/mh2_moveit_config
[0.591s] -- Install configuration: ""
[0.591s] -- Installing: /home/tsung/mh2_robot_ws/src/install/mh2_moveit_config/share/ament_index/resource_index/package_run_dependencies/mh2_moveit_config
[0.591s] -- Installing: /home/tsung/mh2_robot_ws/src/install/mh2_moveit_config/share/ament_index/resource_index/parent_prefix_path/mh2_moveit_config
[0.591s] -- Installing: /home/tsung/mh2_robot_ws/src/install/mh2_moveit_config/share/mh2_moveit_config/environment/ament_prefix_path.sh
[0.591s] -- Installing: /home/tsung/mh2_robot_ws/src/install/mh2_moveit_config/share/mh2_moveit_config/environment/ament_prefix_path.dsv
[0.591s] -- Installing: /home/tsung/mh2_robot_ws/src/install/mh2_moveit_config/share/mh2_moveit_config/environment/path.sh
[0.591s] -- Installing: /home/tsung/mh2_robot_ws/src/install/mh2_moveit_config/share/mh2_moveit_config/environment/path.dsv
[0.591s] -- Installing: /home/tsung/mh2_robot_ws/src/install/mh2_moveit_config/share/mh2_moveit_config/local_setup.bash
[0.591s] -- Installing: /home/tsung/mh2_robot_ws/src/install/mh2_moveit_config/share/mh2_moveit_config/local_setup.sh
[0.591s] -- Installing: /home/tsung/mh2_robot_ws/src/install/mh2_moveit_config/share/mh2_moveit_config/local_setup.zsh
[0.591s] -- Installing: /home/tsung/mh2_robot_ws/src/install/mh2_moveit_config/share/mh2_moveit_config/local_setup.dsv
[0.591s] -- Installing: /home/tsung/mh2_robot_ws/src/install/mh2_moveit_config/share/mh2_moveit_config/package.dsv
[0.591s] -- Installing: /home/tsung/mh2_robot_ws/src/install/mh2_moveit_config/share/ament_index/resource_index/packages/mh2_moveit_config
[0.591s] -- Installing: /home/tsung/mh2_robot_ws/src/install/mh2_moveit_config/share/mh2_moveit_config/cmake/mh2_moveit_configConfig.cmake
[0.591s] -- Installing: /home/tsung/mh2_robot_ws/src/install/mh2_moveit_config/share/mh2_moveit_config/cmake/mh2_moveit_configConfig-version.cmake
[0.591s] -- Installing: /home/tsung/mh2_robot_ws/src/install/mh2_moveit_config/share/mh2_moveit_config/package.xml
[0.591s] -- Installing: /home/tsung/mh2_robot_ws/src/install/mh2_moveit_config/share/mh2_moveit_config/launch
[0.591s] -- Installing: /home/tsung/mh2_robot_ws/src/install/mh2_moveit_config/share/mh2_moveit_config/launch/moveit_rviz.launch.py
[0.591s] -- Installing: /home/tsung/mh2_robot_ws/src/install/mh2_moveit_config/share/mh2_moveit_config/launch/warehouse_db.launch.py
[0.591s] -- Installing: /home/tsung/mh2_robot_ws/src/install/mh2_moveit_config/share/mh2_moveit_config/launch/rsp.launch.py
[0.591s] -- Installing: /home/tsung/mh2_robot_ws/src/install/mh2_moveit_config/share/mh2_moveit_config/launch/static_virtual_joint_tfs.launch.py
[0.591s] -- Installing: /home/tsung/mh2_robot_ws/src/install/mh2_moveit_config/share/mh2_moveit_config/launch/setup_assistant.launch.py
[0.591s] -- Installing: /home/tsung/mh2_robot_ws/src/install/mh2_moveit_config/share/mh2_moveit_config/launch/demo.launch.py
[0.592s] -- Installing: /home/tsung/mh2_robot_ws/src/install/mh2_moveit_config/share/mh2_moveit_config/launch/spawn_controllers.launch.py
[0.592s] -- Installing: /home/tsung/mh2_robot_ws/src/install/mh2_moveit_config/share/mh2_moveit_config/launch/move_group.launch.py
[0.592s] -- Installing: /home/tsung/mh2_robot_ws/src/install/mh2_moveit_config/share/mh2_moveit_config/config
[0.592s] -- Installing: /home/tsung/mh2_robot_ws/src/install/mh2_moveit_config/share/mh2_moveit_config/config/pilz_cartesian_limits.yaml
[0.592s] -- Installing: /home/tsung/mh2_robot_ws/src/install/mh2_moveit_config/share/mh2_moveit_config/config/with_head_urdf.srdf
[0.592s] -- Installing: /home/tsung/mh2_robot_ws/src/install/mh2_moveit_config/share/mh2_moveit_config/config/with_head_urdf.ros2_control.xacro
[0.592s] -- Installing: /home/tsung/mh2_robot_ws/src/install/mh2_moveit_config/share/mh2_moveit_config/config/moveit_controllers.yaml
[0.592s] -- Installing: /home/tsung/mh2_robot_ws/src/install/mh2_moveit_config/share/mh2_moveit_config/config/moveit.rviz
[0.592s] -- Installing: /home/tsung/mh2_robot_ws/src/install/mh2_moveit_config/share/mh2_moveit_config/config/initial_positions.yaml
[0.592s] -- Installing: /home/tsung/mh2_robot_ws/src/install/mh2_moveit_config/share/mh2_moveit_config/config/kinematics.yaml
[0.592s] -- Installing: /home/tsung/mh2_robot_ws/src/install/mh2_moveit_config/share/mh2_moveit_config/config/ros2_controllers.yaml
[0.592s] -- Installing: /home/tsung/mh2_robot_ws/src/install/mh2_moveit_config/share/mh2_moveit_config/config/sensors_3d.yaml
[0.592s] -- Installing: /home/tsung/mh2_robot_ws/src/install/mh2_moveit_config/share/mh2_moveit_config/config/joint_limits.yaml
[0.592s] -- Installing: /home/tsung/mh2_robot_ws/src/install/mh2_moveit_config/share/mh2_moveit_config/config/with_head_urdf.urdf.xacro
[0.592s] -- Installing: /home/tsung/mh2_robot_ws/src/install/mh2_moveit_config/share/mh2_moveit_config/.setup_assistant
[0.592s] Invoked command in '/home/tsung/mh2_robot_ws/src/build/mh2_moveit_config' returned '0': AMENT_PREFIX_PATH=/home/tsung/mh2_robot_ws/src/install/mh2_description:${AMENT_PREFIX_PATH} CMAKE_PREFIX_PATH=/home/tsung/mh2_robot_ws/src/install/mh2_description:/home/tsung/arm_ws/src/mh2_moveit_config/install/mh2_moveit_config:/opt/ros/jazzy/opt/gz_sim_vendor:/opt/ros/jazzy/opt/gz_sensors_vendor:/opt/ros/jazzy/opt/gz_physics_vendor:/opt/ros/jazzy/opt/sdformat_vendor:/opt/ros/jazzy/opt/gz_gui_vendor:/opt/ros/jazzy/opt/gz_transport_vendor:/opt/ros/jazzy/opt/gz_rendering_vendor:/opt/ros/jazzy/opt/gz_plugin_vendor:/opt/ros/jazzy/opt/gz_fuel_tools_vendor:/opt/ros/jazzy/opt/gz_msgs_vendor:/opt/ros/jazzy/opt/gz_common_vendor:/opt/ros/jazzy/opt/gz_math_vendor:/opt/ros/jazzy/opt/gz_utils_vendor:/opt/ros/jazzy/opt/gz_tools_vendor:/opt/ros/jazzy/opt/gz_ogre_next_vendor:/opt/ros/jazzy/opt/gz_dartsim_vendor:/opt/ros/jazzy/opt/gz_cmake_vendor:/opt/ros/jazzy DEBUGINFOD_URLS=https://debuginfod.ubuntu.com /usr/bin/cmake --install /home/tsung/mh2_robot_ws/src/build/mh2_moveit_config
